<?xml version="1.0" encoding="UTF-8"?>
<coverage generated="1777735596586" clover="3.2.0">
  <project timestamp="1777735596586" name="All files">
    <metrics statements="224" coveredstatements="197" conditionals="182" coveredconditionals="152" methods="85" coveredmethods="67" elements="491" coveredelements="416" complexity="0" loc="224" ncloc="224" packages="4" files="14" classes="14"/>
    <package name="src">
      <metrics statements="14" coveredstatements="13" conditionals="11" coveredconditionals="10" methods="3" coveredmethods="3"/>
      <file name="App.jsx" path="C:\Users\dell\ElectIQ\src\App.jsx">
        <metrics statements="6" coveredstatements="6" conditionals="10" coveredconditionals="9" methods="2" coveredmethods="2"/>
        <line num="12" count="13" type="stmt"/>
        <line num="14" count="13" type="stmt"/>
        <line num="15" count="3" type="stmt"/>
        <line num="16" count="3" type="stmt"/>
        <line num="19" count="13" type="stmt"/>
        <line num="21" count="13" type="stmt"/>
      </file>
      <file name="constants.js" path="C:\Users\dell\ElectIQ\src\constants.js">
        <metrics statements="1" coveredstatements="1" conditionals="0" coveredconditionals="0" methods="0" coveredmethods="0"/>
        <line num="1" count="3" type="stmt"/>
      </file>
      <file name="firebase.js" path="C:\Users\dell\ElectIQ\src\firebase.js">
        <metrics statements="7" coveredstatements="6" conditionals="1" coveredconditionals="1" methods="1" coveredmethods="1"/>
        <line num="4" count="1" type="stmt"/>
        <line num="14" count="1" type="stmt"/>
        <line num="15" count="1" type="stmt"/>
        <line num="22" count="1" type="cond" truecount="1" falsecount="0"/>
        <line num="23" count="1" type="stmt"/>
        <line num="24" count="1" type="stmt"/>
        <line num="27" count="0" type="stmt"/>
      </file>
    </package>
    <package name="src.components">
      <metrics statements="151" coveredstatements="130" conditionals="108" coveredconditionals="86" methods="53" coveredmethods="41"/>
      <file name="ElectionQuiz.jsx" path="C:\Users\dell\ElectIQ\src\components\ElectionQuiz.jsx">
        <metrics statements="50" coveredstatements="43" conditionals="35" coveredconditionals="28" methods="8" coveredmethods="7"/>
        <line num="4" count="1" type="stmt"/>
        <line num="84" count="1" type="stmt"/>
        <line num="85" count="17" type="stmt"/>
        <line num="86" count="17" type="cond" truecount="1" falsecount="1"/>
        <line num="87" count="17" type="cond" truecount="1" falsecount="1"/>
        <line num="88" count="17" type="cond" truecount="1" falsecount="1"/>
        <line num="89" count="17" type="stmt"/>
        <line num="92" count="1" type="stmt"/>
        <line num="93" count="17" type="stmt"/>
        <line num="94" count="17" type="stmt"/>
        <line num="95" count="17" type="stmt"/>
        <line num="96" count="17" type="stmt"/>
        <line num="97" count="17" type="stmt"/>
        <line num="99" count="17" type="stmt"/>
        <line num="100" count="6" type="cond" truecount="1" falsecount="1"/>
        <line num="101" count="6" type="stmt"/>
        <line num="102" count="6" type="stmt"/>
        <line num="103" count="6" type="cond" truecount="2" falsecount="0"/>
        <line num="104" count="1" type="stmt"/>
        <line num="108" count="17" type="stmt"/>
        <line num="109" count="4" type="cond" truecount="1" falsecount="1"/>
        <line num="110" count="4" type="stmt"/>
        <line num="111" count="4" type="stmt"/>
        <line num="112" count="4" type="stmt"/>
        <line num="114" count="0" type="stmt"/>
        <line num="118" count="17" type="stmt"/>
        <line num="119" count="0" type="stmt"/>
        <line num="120" count="0" type="stmt"/>
        <line num="121" count="0" type="stmt"/>
        <line num="122" count="0" type="stmt"/>
        <line num="123" count="0" type="stmt"/>
        <line num="126" count="17" type="stmt"/>
        <line num="127" count="17" type="stmt"/>
        <line num="129" count="17" type="cond" truecount="1" falsecount="1"/>
        <line num="130" count="0" type="stmt"/>
        <line num="161" count="17" type="stmt"/>
        <line num="191" count="68" type="stmt"/>
        <line num="192" count="68" type="stmt"/>
        <line num="193" count="68" type="cond" truecount="2" falsecount="0"/>
        <line num="194" count="68" type="cond" truecount="3" falsecount="0"/>
        <line num="196" count="68" type="stmt"/>
        <line num="197" count="68" type="cond" truecount="2" falsecount="0"/>
        <line num="198" count="44" type="stmt"/>
        <line num="199" count="24" type="cond" truecount="2" falsecount="0"/>
        <line num="200" count="6" type="stmt"/>
        <line num="201" count="18" type="cond" truecount="2" falsecount="0"/>
        <line num="202" count="5" type="stmt"/>
        <line num="204" count="13" type="stmt"/>
        <line num="207" count="68" type="stmt"/>
        <line num="208" count="6" type="stmt"/>
      </file>
      <file name="FloatingChatbot.jsx" path="C:\Users\dell\ElectIQ\src\components\FloatingChatbot.jsx">
        <metrics statements="69" coveredstatements="60" conditionals="53" coveredconditionals="40" methods="24" coveredmethods="18"/>
        <line num="6" count="2" type="stmt"/>
        <line num="8" count="2" type="stmt"/>
        <line num="10" count="2" type="stmt"/>
        <line num="17" count="2" type="cond" truecount="1" falsecount="1"/>
        <line num="19" count="2" type="stmt"/>
        <line num="20" count="1" type="stmt"/>
        <line num="27" count="2" type="stmt"/>
        <line num="28" count="36" type="stmt"/>
        <line num="29" count="36" type="stmt"/>
        <line num="35" count="36" type="stmt"/>
        <line num="36" count="36" type="stmt"/>
        <line num="37" count="36" type="stmt"/>
        <line num="38" count="36" type="stmt"/>
        <line num="39" count="36" type="stmt"/>
        <line num="42" count="36" type="stmt"/>
        <line num="43" count="18" type="stmt"/>
        <line num="44" count="0" type="stmt"/>
        <line num="45" count="0" type="stmt"/>
        <line num="47" count="18" type="stmt"/>
        <line num="48" count="18" type="stmt"/>
        <line num="51" count="36" type="stmt"/>
        <line num="52" count="20" type="cond" truecount="2" falsecount="0"/>
        <line num="53" count="2" type="stmt"/>
        <line num="57" count="36" type="stmt"/>
        <line num="58" count="28" type="cond" truecount="4" falsecount="0"/>
        <line num="59" count="8" type="stmt"/>
        <line num="63" count="36" type="stmt"/>
        <line num="65" count="16" type="stmt"/>
        <line num="67" count="16" type="stmt"/>
        <line num="68" count="16" type="stmt"/>
        <line num="71" count="36" type="stmt"/>
        <line num="72" count="1" type="stmt"/>
        <line num="73" count="1" type="cond" truecount="3" falsecount="1"/>
        <line num="75" count="1" type="stmt"/>
        <line num="76" count="1" type="stmt"/>
        <line num="77" count="1" type="stmt"/>
        <line num="78" count="1" type="stmt"/>
        <line num="80" count="1" type="stmt"/>
        <line num="82" count="1" type="stmt"/>
        <line num="83" count="1" type="cond" truecount="1" falsecount="1"/>
        <line num="84" count="1" type="cond" truecount="1" falsecount="1"/>
        <line num="86" count="1" type="stmt"/>
        <line num="92" count="1" type="stmt"/>
        <line num="93" count="1" type="cond" truecount="2" falsecount="0"/>
        <line num="94" count="0" type="stmt"/>
        <line num="99" count="1" type="stmt"/>
        <line num="104" count="1" type="stmt"/>
        <line num="105" count="1" type="stmt"/>
        <line num="107" count="1" type="stmt"/>
        <line num="108" count="1" type="stmt"/>
        <line num="110" count="0" type="stmt"/>
        <line num="112" count="0" type="cond" truecount="0" falsecount="2"/>
        <line num="117" count="0" type="stmt"/>
        <line num="119" count="1" type="stmt"/>
        <line num="123" count="36" type="stmt"/>
        <line num="124" count="1" type="cond" truecount="3" falsecount="1"/>
        <line num="125" count="1" type="stmt"/>
        <line num="126" count="1" type="stmt"/>
        <line num="130" count="36" type="stmt"/>
        <line num="131" count="8" type="stmt"/>
        <line num="132" count="8" type="stmt"/>
        <line num="135" count="36" type="stmt"/>
        <line num="157" count="0" type="stmt"/>
        <line num="168" count="16" type="stmt"/>
        <line num="206" count="44" type="stmt"/>
        <line num="208" count="0" type="stmt"/>
        <line num="227" count="3" type="stmt"/>
        <line num="234" count="0" type="stmt"/>
        <line num="249" count="2" type="cond" truecount="2" falsecount="0"/>
      </file>
      <file name="Hero.jsx" path="C:\Users\dell\ElectIQ\src\components\Hero.jsx">
        <metrics statements="5" coveredstatements="5" conditionals="0" coveredconditionals="0" methods="4" coveredmethods="4"/>
        <line num="3" count="1" type="stmt"/>
        <line num="4" count="6" type="stmt"/>
        <line num="30" count="1" type="stmt"/>
        <line num="36" count="1" type="stmt"/>
        <line num="50" count="18" type="stmt"/>
      </file>
      <file name="Navbar.jsx" path="C:\Users\dell\ElectIQ\src\components\Navbar.jsx">
        <metrics statements="10" coveredstatements="7" conditionals="8" coveredconditionals="7" methods="9" coveredmethods="6"/>
        <line num="5" count="2" type="stmt"/>
        <line num="14" count="20" type="stmt"/>
        <line num="16" count="20" type="stmt"/>
        <line num="23" count="1" type="stmt"/>
        <line num="33" count="80" type="stmt"/>
        <line num="43" count="0" type="stmt"/>
        <line num="52" count="1" type="stmt"/>
        <line num="61" count="5" type="stmt"/>
        <line num="62" count="0" type="stmt"/>
        <line num="70" count="0" type="stmt"/>
      </file>
      <file name="Timeline.jsx" path="C:\Users\dell\ElectIQ\src\components\Timeline.jsx">
        <metrics statements="17" coveredstatements="15" conditionals="12" coveredconditionals="11" methods="8" coveredmethods="6"/>
        <line num="5" count="1" type="stmt"/>
        <line num="148" count="1" type="stmt"/>
        <line num="158" count="1" type="stmt"/>
        <line num="159" count="7" type="stmt"/>
        <line num="161" count="7" type="stmt"/>
        <line num="162" count="2" type="stmt"/>
        <line num="163" count="2" type="stmt"/>
        <line num="166" count="8" type="stmt"/>
        <line num="167" count="7" type="stmt"/>
        <line num="169" count="7" type="stmt"/>
        <line num="186" count="49" type="stmt"/>
        <line num="187" count="49" type="stmt"/>
        <line num="188" count="49" type="stmt"/>
        <line num="191" count="2" type="stmt"/>
        <line num="241" count="42" type="stmt"/>
        <line num="270" count="0" type="stmt"/>
        <line num="282" count="0" type="stmt"/>
      </file>
    </package>
    <package name="src.pages">
      <metrics statements="2" coveredstatements="2" conditionals="0" coveredconditionals="0" methods="1" coveredmethods="1"/>
      <file name="Home.jsx" path="C:\Users\dell\ElectIQ\src\pages\Home.jsx">
        <metrics statements="2" coveredstatements="2" conditionals="0" coveredconditionals="0" methods="1" coveredmethods="1"/>
        <line num="4" count="1" type="stmt"/>
        <line num="5" count="3" type="stmt"/>
      </file>
    </package>
    <package name="src.screens">
      <metrics statements="57" coveredstatements="52" conditionals="63" coveredconditionals="56" methods="28" coveredmethods="22"/>
      <file name="AboutECIScreen.jsx" path="C:\Users\dell\ElectIQ\src\screens\AboutECIScreen.jsx">
        <metrics statements="7" coveredstatements="7" conditionals="0" coveredconditionals="0" methods="4" coveredmethods="4"/>
        <line num="1" count="1" type="stmt"/>
        <line num="10" count="1" type="stmt"/>
        <line num="28" count="1" type="stmt"/>
        <line num="38" count="1" type="stmt"/>
        <line num="67" count="6" type="stmt"/>
        <line num="81" count="3" type="stmt"/>
        <line num="98" count="6" type="stmt"/>
      </file>
      <file name="HomeScreen.jsx" path="C:\Users\dell\ElectIQ\src\screens\HomeScreen.jsx">
        <metrics statements="11" coveredstatements="8" conditionals="0" coveredconditionals="0" methods="7" coveredmethods="4"/>
        <line num="4" count="2" type="stmt"/>
        <line num="27" count="2" type="stmt"/>
        <line num="34" count="14" type="stmt"/>
        <line num="63" count="1" type="stmt"/>
        <line num="68" count="0" type="stmt"/>
        <line num="87" count="42" type="stmt"/>
        <line num="88" count="42" type="stmt"/>
        <line num="110" count="56" type="stmt"/>
        <line num="111" count="56" type="stmt"/>
        <line num="112" count="0" type="stmt"/>
        <line num="146" count="0" type="stmt"/>
      </file>
      <file name="HowItWorksScreen.jsx" path="C:\Users\dell\ElectIQ\src\screens\HowItWorksScreen.jsx">
        <metrics statements="6" coveredstatements="6" conditionals="2" coveredconditionals="2" methods="4" coveredmethods="4"/>
        <line num="1" count="2" type="stmt"/>
        <line num="2" count="9" type="stmt"/>
        <line num="14" count="2" type="stmt"/>
        <line num="15" count="39" type="stmt"/>
        <line num="28" count="3" type="stmt"/>
        <line num="69" count="12" type="stmt"/>
      </file>
      <file name="QuizScreen.jsx" path="C:\Users\dell\ElectIQ\src\screens\QuizScreen.jsx">
        <metrics statements="26" coveredstatements="24" conditionals="45" coveredconditionals="40" methods="10" coveredmethods="7"/>
        <line num="4" count="2" type="stmt"/>
        <line num="48" count="2" type="stmt"/>
        <line num="56" count="16" type="stmt"/>
        <line num="57" count="16" type="stmt"/>
        <line num="58" count="16" type="stmt"/>
        <line num="59" count="16" type="stmt"/>
        <line num="61" count="16" type="stmt"/>
        <line num="62" count="64" type="stmt"/>
        <line num="64" count="16" type="stmt"/>
        <line num="65" count="5" type="cond" truecount="1" falsecount="1"/>
        <line num="66" count="5" type="stmt"/>
        <line num="67" count="5" type="cond" truecount="1" falsecount="1"/>
        <line num="70" count="16" type="stmt"/>
        <line num="71" count="4" type="cond" truecount="1" falsecount="1"/>
        <line num="72" count="0" type="stmt"/>
        <line num="75" count="16" type="stmt"/>
        <line num="77" count="16" type="cond" truecount="1" falsecount="1"/>
        <line num="99" count="0" type="stmt"/>
        <line num="114" count="16" type="stmt"/>
        <line num="140" count="64" type="stmt"/>
        <line num="141" count="64" type="stmt"/>
        <line num="142" count="64" type="cond" truecount="2" falsecount="0"/>
        <line num="143" count="64" type="cond" truecount="2" falsecount="0"/>
        <line num="144" count="64" type="stmt"/>
        <line num="146" count="64" type="stmt"/>
        <line num="147" count="5" type="stmt"/>
      </file>
      <file name="TimelineScreen.jsx" path="C:\Users\dell\ElectIQ\src\screens\TimelineScreen.jsx">
        <metrics statements="7" coveredstatements="7" conditionals="16" coveredconditionals="14" methods="3" coveredmethods="3"/>
        <line num="3" count="2" type="stmt"/>
        <line num="63" count="10" type="stmt"/>
        <line num="65" count="10" type="stmt"/>
        <line num="90" count="80" type="stmt"/>
        <line num="91" count="80" type="stmt"/>
        <line num="93" count="80" type="stmt"/>
        <line num="112" count="3" type="cond" truecount="1" falsecount="1"/>
      </file>
    </package>
  </project>
</coverage>
