{"C:\\Users\\dell\\ElectIQ\\src\\App.jsx": {"path":"C:\\Users\\dell\\ElectIQ\\src\\App.jsx","statementMap":{"0":{"start":{"line":12,"column":17},"end":{"line":12,"column":52}},"1":{"start":{"line":14,"column":8},"end":{"line":16,"column":null}},"2":{"start":{"line":15,"column":4},"end":{"line":15,"column":null}},"3":{"start":{"line":16,"column":4},"end":{"line":16,"column":null}},"4":{"start":{"line":19,"column":22},"end":{"line":19,"column":null}},"5":{"start":{"line":21,"column":2},"end":{"line":35,"column":null}}},"fnMap":{"0":{"name":"App","decl":{"start":{"line":11,"column":24},"end":{"line":11,"column":30}},"loc":{"start":{"line":11,"column":30},"end":{"line":35,"column":null}},"line":11},"1":{"name":"(anonymous_1)","decl":{"start":{"line":14,"column":8},"end":{"line":14,"column":15}},"loc":{"start":{"line":14,"column":21},"end":{"line":16,"column":null}},"line":14}},"branchMap":{"0":{"loc":{"start":{"line":27,"column":11},"end":{"line":27,"column":null}},"type":"binary-expr","locations":[{"start":{"line":27,"column":11},"end":{"line":27,"column":46}},{"start":{"line":27,"column":46},"end":{"line":27,"column":null}}],"line":27},"1":{"loc":{"start":{"line":28,"column":11},"end":{"line":28,"column":null}},"type":"binary-expr","locations":[{"start":{"line":28,"column":11},"end":{"line":28,"column":46}},{"start":{"line":28,"column":46},"end":{"line":28,"column":null}}],"line":28},"2":{"loc":{"start":{"line":29,"column":11},"end":{"line":29,"column":null}},"type":"binary-expr","locations":[{"start":{"line":29,"column":11},"end":{"line":29,"column":46}},{"start":{"line":29,"column":46},"end":{"line":29,"column":null}}],"line":29},"3":{"loc":{"start":{"line":30,"column":11},"end":{"line":30,"column":null}},"type":"binary-expr","locations":[{"start":{"line":30,"column":11},"end":{"line":30,"column":46}},{"start":{"line":30,"column":46},"end":{"line":30,"column":null}}],"line":30},"4":{"loc":{"start":{"line":31,"column":11},"end":{"line":31,"column":null}},"type":"binary-expr","locations":[{"start":{"line":31,"column":11},"end":{"line":31,"column":46}},{"start":{"line":31,"column":46},"end":{"line":31,"column":null}}],"line":31}},"s":{"0":13,"1":13,"2":3,"3":3,"4":13,"5":13},"f":{"0":13,"1":3},"b":{"0":[13,10],"1":[13,1],"2":[13,0],"3":[13,1],"4":[13,1]},"meta":{"lastBranch":5,"lastFunction":2,"lastStatement":6,"seen":{"f:11:24:11:30":0,"s:12:17:12:52":0,"s:14:8:16:Infinity":1,"f:14:8:14:15":1,"s:15:4:15:Infinity":2,"s:16:4:16:Infinity":3,"s:19:22:19:Infinity":4,"s:21:2:35:Infinity":5,"b:27:11:27:46:27:46:27:Infinity":0,"b:28:11:28:46:28:46:28:Infinity":1,"b:29:11:29:46:29:46:29:Infinity":2,"b:30:11:30:46:30:46:30:Infinity":3,"b:31:11:31:46:31:46:31:Infinity":4}}}
,"C:\\Users\\dell\\ElectIQ\\src\\constants.js": {"path":"C:\\Users\\dell\\ElectIQ\\src\\constants.js","statementMap":{"0":{"start":{"line":1,"column":23},"end":{"line":7,"column":null}}},"fnMap":{},"branchMap":{},"s":{"0":3},"f":{},"b":{},"meta":{"lastBranch":0,"lastFunction":0,"lastStatement":1,"seen":{"s:1:23:7:Infinity":0}}}
,"C:\\Users\\dell\\ElectIQ\\src\\firebase.js": {"path":"C:\\Users\\dell\\ElectIQ\\src\\firebase.js","statementMap":{"0":{"start":{"line":4,"column":23},"end":{"line":12,"column":null}},"1":{"start":{"line":14,"column":6},"end":{"line":14,"column":41}},"2":{"start":{"line":15,"column":6},"end":{"line":15,"column":35}},"3":{"start":{"line":22,"column":13},"end":{"line":27,"column":null}},"4":{"start":{"line":23,"column":2},"end":{"line":27,"column":null}},"5":{"start":{"line":24,"column":4},"end":{"line":24,"column":null}},"6":{"start":{"line":27,"column":4},"end":{"line":27,"column":null}}},"fnMap":{"0":{"name":"(anonymous_0)","decl":{"start":{"line":22,"column":13},"end":{"line":22,"column":27}},"loc":{"start":{"line":22,"column":54},"end":{"line":27,"column":null}},"line":22}},"branchMap":{"0":{"loc":{"start":{"line":22,"column":38},"end":{"line":22,"column":49}},"type":"default-arg","locations":[{"start":{"line":22,"column":47},"end":{"line":22,"column":49}}],"line":22}},"s":{"0":1,"1":1,"2":1,"3":1,"4":1,"5":1,"6":0},"f":{"0":1},"b":{"0":[1]},"meta":{"lastBranch":1,"lastFunction":1,"lastStatement":7,"seen":{"s:4:23:12:Infinity":0,"s:14:6:14:41":1,"s:15:6:15:35":2,"s:22:13:27:Infinity":3,"f:22:13:22:27":0,"b:22:47:22:49":0,"s:23:2:27:Infinity":4,"s:24:4:24:Infinity":5,"s:27:4:27:Infinity":6}}}
,"C:\\Users\\dell\\ElectIQ\\src\\components\\ElectionQuiz.jsx": {"path":"C:\\Users\\dell\\ElectIQ\\src\\components\\ElectionQuiz.jsx","statementMap":{"0":{"start":{"line":4,"column":22},"end":{"line":82,"column":null}},"1":{"start":{"line":84,"column":6},"end":{"line":89,"column":null}},"2":{"start":{"line":85,"column":15},"end":{"line":85,"column":null}},"3":{"start":{"line":86,"column":2},"end":{"line":86,"column":null}},"4":{"start":{"line":86,"column":19},"end":{"line":86,"column":null}},"5":{"start":{"line":87,"column":2},"end":{"line":87,"column":null}},"6":{"start":{"line":87,"column":17},"end":{"line":87,"column":null}},"7":{"start":{"line":88,"column":2},"end":{"line":88,"column":null}},"8":{"start":{"line":88,"column":17},"end":{"line":88,"column":null}},"9":{"start":{"line":89,"column":2},"end":{"line":89,"column":null}},"10":{"start":{"line":92,"column":6},"end":{"line":232,"column":null}},"11":{"start":{"line":93,"column":26},"end":{"line":93,"column":59}},"12":{"start":{"line":94,"column":25},"end":{"line":94,"column":60}},"13":{"start":{"line":95,"column":16},"end":{"line":95,"column":39}},"14":{"start":{"line":96,"column":22},"end":{"line":96,"column":55}},"15":{"start":{"line":97,"column":22},"end":{"line":97,"column":55}},"16":{"start":{"line":99,"column":8},"end":{"line":104,"column":null}},"17":{"start":{"line":100,"column":4},"end":{"line":100,"column":null}},"18":{"start":{"line":100,"column":21},"end":{"line":100,"column":null}},"19":{"start":{"line":101,"column":4},"end":{"line":101,"column":null}},"20":{"start":{"line":102,"column":4},"end":{"line":102,"column":null}},"21":{"start":{"line":103,"column":4},"end":{"line":104,"column":null}},"22":{"start":{"line":104,"column":6},"end":{"line":104,"column":null}},"23":{"start":{"line":104,"column":25},"end":{"line":104,"column":34}},"24":{"start":{"line":108,"column":8},"end":{"line":114,"column":null}},"25":{"start":{"line":109,"column":4},"end":{"line":114,"column":null}},"26":{"start":{"line":110,"column":6},"end":{"line":110,"column":null}},"27":{"start":{"line":111,"column":6},"end":{"line":111,"column":null}},"28":{"start":{"line":112,"column":6},"end":{"line":112,"column":null}},"29":{"start":{"line":114,"column":6},"end":{"line":114,"column":null}},"30":{"start":{"line":118,"column":8},"end":{"line":123,"column":null}},"31":{"start":{"line":119,"column":4},"end":{"line":119,"column":null}},"32":{"start":{"line":120,"column":4},"end":{"line":120,"column":null}},"33":{"start":{"line":121,"column":4},"end":{"line":121,"column":null}},"34":{"start":{"line":122,"column":4},"end":{"line":122,"column":null}},"35":{"start":{"line":123,"column":4},"end":{"line":123,"column":null}},"36":{"start":{"line":126,"column":12},"end":{"line":126,"column":null}},"37":{"start":{"line":127,"column":15},"end":{"line":127,"column":51}},"38":{"start":{"line":129,"column":2},"end":{"line":155,"column":null}},"39":{"start":{"line":130,"column":4},"end":{"line":155,"column":null}},"40":{"start":{"line":161,"column":2},"end":{"line":232,"column":null}},"41":{"start":{"line":191,"column":33},"end":{"line":191,"column":null}},"42":{"start":{"line":192,"column":33},"end":{"line":192,"column":null}},"43":{"start":{"line":193,"column":33},"end":{"line":193,"column":null}},"44":{"start":{"line":194,"column":34},"end":{"line":194,"column":null}},"45":{"start":{"line":196,"column":22},"end":{"line":196,"column":null}},"46":{"start":{"line":197,"column":12},"end":{"line":204,"column":null}},"47":{"start":{"line":198,"column":14},"end":{"line":198,"column":null}},"48":{"start":{"line":199,"column":23},"end":{"line":204,"column":null}},"49":{"start":{"line":200,"column":14},"end":{"line":200,"column":null}},"50":{"start":{"line":201,"column":23},"end":{"line":204,"column":null}},"51":{"start":{"line":202,"column":14},"end":{"line":202,"column":null}},"52":{"start":{"line":204,"column":14},"end":{"line":204,"column":null}},"53":{"start":{"line":207,"column":12},"end":{"line":212,"column":null}},"54":{"start":{"line":208,"column":49},"end":{"line":208,"column":73}}},"fnMap":{"0":{"name":"(anonymous_0)","decl":{"start":{"line":84,"column":6},"end":{"line":84,"column":17}},"loc":{"start":{"line":84,"column":34},"end":{"line":89,"column":null}},"line":84},"1":{"name":"(anonymous_1)","decl":{"start":{"line":92,"column":6},"end":{"line":92,"column":27}},"loc":{"start":{"line":92,"column":27},"end":{"line":232,"column":null}},"line":92},"2":{"name":"(anonymous_2)","decl":{"start":{"line":99,"column":8},"end":{"line":99,"column":29}},"loc":{"start":{"line":99,"column":39},"end":{"line":104,"column":null}},"line":99},"3":{"name":"(anonymous_3)","decl":{"start":{"line":104,"column":6},"end":{"line":104,"column":16}},"loc":{"start":{"line":104,"column":25},"end":{"line":104,"column":34}},"line":104},"4":{"name":"(anonymous_4)","decl":{"start":{"line":108,"column":8},"end":{"line":108,"column":35}},"loc":{"start":{"line":108,"column":35},"end":{"line":114,"column":null}},"line":108},"5":{"name":"(anonymous_5)","decl":{"start":{"line":118,"column":8},"end":{"line":118,"column":26}},"loc":{"start":{"line":118,"column":26},"end":{"line":123,"column":null}},"line":118},"6":{"name":"(anonymous_6)","decl":{"start":{"line":190,"column":21},"end":{"line":190,"column":26}},"loc":{"start":{"line":190,"column":44},"end":{"line":212,"column":null}},"line":190},"7":{"name":"(anonymous_7)","decl":{"start":{"line":208,"column":34},"end":{"line":208,"column":49}},"loc":{"start":{"line":208,"column":49},"end":{"line":208,"column":73}},"line":208}},"branchMap":{"0":{"loc":{"start":{"line":86,"column":2},"end":{"line":86,"column":null}},"type":"if","locations":[{"start":{"line":86,"column":2},"end":{"line":86,"column":null}},{"start":{},"end":{}}],"line":86},"1":{"loc":{"start":{"line":87,"column":2},"end":{"line":87,"column":null}},"type":"if","locations":[{"start":{"line":87,"column":2},"end":{"line":87,"column":null}},{"start":{},"end":{}}],"line":87},"2":{"loc":{"start":{"line":88,"column":2},"end":{"line":88,"column":null}},"type":"if","locations":[{"start":{"line":88,"column":2},"end":{"line":88,"column":null}},{"start":{},"end":{}}],"line":88},"3":{"loc":{"start":{"line":100,"column":4},"end":{"line":100,"column":null}},"type":"if","locations":[{"start":{"line":100,"column":4},"end":{"line":100,"column":null}},{"start":{},"end":{}}],"line":100},"4":{"loc":{"start":{"line":103,"column":4},"end":{"line":104,"column":null}},"type":"if","locations":[{"start":{"line":103,"column":4},"end":{"line":104,"column":null}},{"start":{},"end":{}}],"line":103},"5":{"loc":{"start":{"line":109,"column":4},"end":{"line":114,"column":null}},"type":"if","locations":[{"start":{"line":109,"column":4},"end":{"line":114,"column":null}},{"start":{"line":113,"column":11},"end":{"line":114,"column":null}}],"line":109},"6":{"loc":{"start":{"line":129,"column":2},"end":{"line":155,"column":null}},"type":"if","locations":[{"start":{"line":129,"column":2},"end":{"line":155,"column":null}},{"start":{},"end":{}}],"line":129},"7":{"loc":{"start":{"line":193,"column":33},"end":{"line":193,"column":null}},"type":"binary-expr","locations":[{"start":{"line":193,"column":33},"end":{"line":193,"column":48}},{"start":{"line":193,"column":48},"end":{"line":193,"column":null}}],"line":193},"8":{"loc":{"start":{"line":194,"column":34},"end":{"line":194,"column":null}},"type":"binary-expr","locations":[{"start":{"line":194,"column":34},"end":{"line":194,"column":49}},{"start":{"line":194,"column":49},"end":{"line":194,"column":63}},{"start":{"line":194,"column":63},"end":{"line":194,"column":null}}],"line":194},"9":{"loc":{"start":{"line":197,"column":12},"end":{"line":204,"column":null}},"type":"if","locations":[{"start":{"line":197,"column":12},"end":{"line":204,"column":null}},{"start":{"line":199,"column":23},"end":{"line":204,"column":null}}],"line":197},"10":{"loc":{"start":{"line":199,"column":23},"end":{"line":204,"column":null}},"type":"if","locations":[{"start":{"line":199,"column":23},"end":{"line":204,"column":null}},{"start":{"line":201,"column":23},"end":{"line":204,"column":null}}],"line":199},"11":{"loc":{"start":{"line":201,"column":23},"end":{"line":204,"column":null}},"type":"if","locations":[{"start":{"line":201,"column":23},"end":{"line":204,"column":null}},{"start":{"line":203,"column":19},"end":{"line":204,"column":null}}],"line":201},"12":{"loc":{"start":{"line":210,"column":17},"end":{"line":210,"column":null}},"type":"binary-expr","locations":[{"start":{"line":210,"column":17},"end":{"line":210,"column":33}},{"start":{"line":210,"column":33},"end":{"line":210,"column":null}}],"line":210},"13":{"loc":{"start":{"line":211,"column":17},"end":{"line":211,"column":null}},"type":"binary-expr","locations":[{"start":{"line":211,"column":17},"end":{"line":211,"column":34}},{"start":{"line":211,"column":34},"end":{"line":211,"column":null}}],"line":211},"14":{"loc":{"start":{"line":218,"column":9},"end":{"line":220,"column":null}},"type":"binary-expr","locations":[{"start":{"line":218,"column":9},"end":{"line":218,"column":null}},{"start":{"line":219,"column":10},"end":{"line":220,"column":null}}],"line":218},"15":{"loc":{"start":{"line":224,"column":9},"end":{"line":232,"column":null}},"type":"binary-expr","locations":[{"start":{"line":224,"column":9},"end":{"line":224,"column":null}},{"start":{"line":225,"column":10},"end":{"line":232,"column":null}}],"line":224},"16":{"loc":{"start":{"line":230,"column":15},"end":{"line":230,"column":null}},"type":"cond-expr","locations":[{"start":{"line":230,"column":60},"end":{"line":230,"column":80}},{"start":{"line":230,"column":80},"end":{"line":230,"column":null}}],"line":230}},"s":{"0":1,"1":1,"2":17,"3":17,"4":0,"5":17,"6":0,"7":17,"8":0,"9":17,"10":1,"11":17,"12":17,"13":17,"14":17,"15":17,"16":17,"17":6,"18":0,"19":6,"20":6,"21":6,"22":1,"23":1,"24":17,"25":4,"26":4,"27":4,"28":4,"29":0,"30":17,"31":0,"32":0,"33":0,"34":0,"35":0,"36":17,"37":17,"38":17,"39":0,"40":17,"41":68,"42":68,"43":68,"44":68,"45":68,"46":68,"47":44,"48":24,"49":6,"50":18,"51":5,"52":13,"53":68,"54":6},"f":{"0":17,"1":17,"2":6,"3":1,"4":4,"5":0,"6":68,"7":6},"b":{"0":[0,17],"1":[0,17],"2":[0,17],"3":[0,6],"4":[1,5],"5":[4,0],"6":[0,17],"7":[68,24],"8":[68,24,6],"9":[44,24],"10":[6,18],"11":[5,13],"12":[68,6],"13":[68,5],"14":[17,6],"15":[17,6],"16":[6,0]},"meta":{"lastBranch":17,"lastFunction":8,"lastStatement":55,"seen":{"s:4:22:82:Infinity":0,"s:84:6:89:Infinity":1,"f:84:6:84:17":0,"s:85:15:85:Infinity":2,"b:86:2:86:Infinity:undefined:undefined:undefined:undefined":0,"s:86:2:86:Infinity":3,"s:86:19:86:Infinity":4,"b:87:2:87:Infinity:undefined:undefined:undefined:undefined":1,"s:87:2:87:Infinity":5,"s:87:17:87:Infinity":6,"b:88:2:88:Infinity:undefined:undefined:undefined:undefined":2,"s:88:2:88:Infinity":7,"s:88:17:88:Infinity":8,"s:89:2:89:Infinity":9,"s:92:6:232:Infinity":10,"f:92:6:92:27":1,"s:93:26:93:59":11,"s:94:25:94:60":12,"s:95:16:95:39":13,"s:96:22:96:55":14,"s:97:22:97:55":15,"s:99:8:104:Infinity":16,"f:99:8:99:29":2,"b:100:4:100:Infinity:undefined:undefined:undefined:undefined":3,"s:100:4:100:Infinity":17,"s:100:21:100:Infinity":18,"s:101:4:101:Infinity":19,"s:102:4:102:Infinity":20,"b:103:4:104:Infinity:undefined:undefined:undefined:undefined":4,"s:103:4:104:Infinity":21,"s:104:6:104:Infinity":22,"f:104:6:104:16":3,"s:104:25:104:34":23,"s:108:8:114:Infinity":24,"f:108:8:108:35":4,"b:109:4:114:Infinity:113:11:114:Infinity":5,"s:109:4:114:Infinity":25,"s:110:6:110:Infinity":26,"s:111:6:111:Infinity":27,"s:112:6:112:Infinity":28,"s:114:6:114:Infinity":29,"s:118:8:123:Infinity":30,"f:118:8:118:26":5,"s:119:4:119:Infinity":31,"s:120:4:120:Infinity":32,"s:121:4:121:Infinity":33,"s:122:4:122:Infinity":34,"s:123:4:123:Infinity":35,"s:126:12:126:Infinity":36,"s:127:15:127:51":37,"b:129:2:155:Infinity:undefined:undefined:undefined:undefined":6,"s:129:2:155:Infinity":38,"s:130:4:155:Infinity":39,"s:161:2:232:Infinity":40,"f:190:21:190:26":6,"s:191:33:191:Infinity":41,"s:192:33:192:Infinity":42,"s:193:33:193:Infinity":43,"b:193:33:193:48:193:48:193:Infinity":7,"s:194:34:194:Infinity":44,"b:194:34:194:49:194:49:194:63:194:63:194:Infinity":8,"s:196:22:196:Infinity":45,"b:197:12:204:Infinity:199:23:204:Infinity":9,"s:197:12:204:Infinity":46,"s:198:14:198:Infinity":47,"b:199:23:204:Infinity:201:23:204:Infinity":10,"s:199:23:204:Infinity":48,"s:200:14:200:Infinity":49,"b:201:23:204:Infinity:203:19:204:Infinity":11,"s:201:23:204:Infinity":50,"s:202:14:202:Infinity":51,"s:204:14:204:Infinity":52,"s:207:12:212:Infinity":53,"f:208:34:208:49":7,"s:208:49:208:73":54,"b:210:17:210:33:210:33:210:Infinity":12,"b:211:17:211:34:211:34:211:Infinity":13,"b:218:9:218:Infinity:219:10:220:Infinity":14,"b:224:9:224:Infinity:225:10:232:Infinity":15,"b:230:60:230:80:230:80:230:Infinity":16}}}
,"C:\\Users\\dell\\ElectIQ\\src\\components\\FloatingChatbot.jsx": {"path":"C:\\Users\\dell\\ElectIQ\\src\\components\\FloatingChatbot.jsx","statementMap":{"0":{"start":{"line":6,"column":23},"end":{"line":6,"column":null}},"1":{"start":{"line":8,"column":21},"end":{"line":8,"column":null}},"2":{"start":{"line":10,"column":20},"end":{"line":15,"column":null}},"3":{"start":{"line":17,"column":14},"end":{"line":17,"column":null}},"4":{"start":{"line":19,"column":6},"end":{"line":23,"column":null}},"5":{"start":{"line":20,"column":2},"end":{"line":23,"column":null}},"6":{"start":{"line":27,"column":6},"end":{"line":266,"column":null}},"7":{"start":{"line":28,"column":17},"end":{"line":28,"column":45}},"8":{"start":{"line":29,"column":19},"end":{"line":34,"column":4}},"9":{"start":{"line":35,"column":16},"end":{"line":35,"column":40}},"10":{"start":{"line":36,"column":20},"end":{"line":36,"column":51}},"11":{"start":{"line":37,"column":26},"end":{"line":37,"column":62}},"12":{"start":{"line":38,"column":8},"end":{"line":38,"column":37}},"13":{"start":{"line":39,"column":8},"end":{"line":39,"column":31}},"14":{"start":{"line":42,"column":2},"end":{"line":49,"column":null}},"15":{"start":{"line":43,"column":10},"end":{"line":45,"column":null}},"16":{"start":{"line":44,"column":6},"end":{"line":44,"column":null}},"17":{"start":{"line":45,"column":6},"end":{"line":45,"column":null}},"18":{"start":{"line":47,"column":4},"end":{"line":47,"column":null}},"19":{"start":{"line":48,"column":4},"end":{"line":48,"column":null}},"20":{"start":{"line":48,"column":17},"end":{"line":48,"column":68}},"21":{"start":{"line":51,"column":2},"end":{"line":55,"column":null}},"22":{"start":{"line":52,"column":4},"end":{"line":53,"column":null}},"23":{"start":{"line":53,"column":6},"end":{"line":53,"column":null}},"24":{"start":{"line":57,"column":2},"end":{"line":61,"column":null}},"25":{"start":{"line":58,"column":4},"end":{"line":59,"column":null}},"26":{"start":{"line":59,"column":6},"end":{"line":59,"column":null}},"27":{"start":{"line":59,"column":23},"end":{"line":59,"column":48}},"28":{"start":{"line":63,"column":8},"end":{"line":68,"column":null}},"29":{"start":{"line":65,"column":20},"end":{"line":65,"column":73}},"30":{"start":{"line":67,"column":4},"end":{"line":67,"column":null}},"31":{"start":{"line":68,"column":4},"end":{"line":68,"column":null}},"32":{"start":{"line":71,"column":22},"end":{"line":119,"column":null}},"33":{"start":{"line":72,"column":20},"end":{"line":72,"column":35}},"34":{"start":{"line":73,"column":4},"end":{"line":73,"column":null}},"35":{"start":{"line":73,"column":31},"end":{"line":73,"column":null}},"36":{"start":{"line":75,"column":4},"end":{"line":75,"column":null}},"37":{"start":{"line":76,"column":4},"end":{"line":76,"column":null}},"38":{"start":{"line":76,"column":26},"end":{"line":76,"column":68}},"39":{"start":{"line":77,"column":4},"end":{"line":77,"column":null}},"40":{"start":{"line":78,"column":4},"end":{"line":78,"column":null}},"41":{"start":{"line":80,"column":4},"end":{"line":80,"column":null}},"42":{"start":{"line":82,"column":4},"end":{"line":119,"column":null}},"43":{"start":{"line":83,"column":6},"end":{"line":83,"column":null}},"44":{"start":{"line":84,"column":6},"end":{"line":84,"column":null}},"45":{"start":{"line":84,"column":18},"end":{"line":84,"column":null}},"46":{"start":{"line":86,"column":20},"end":{"line":89,"column":8}},"47":{"start":{"line":92,"column":22},"end":{"line":97,"column":11}},"48":{"start":{"line":93,"column":23},"end":{"line":93,"column":65}},"49":{"start":{"line":94,"column":21},"end":{"line":97,"column":11}},"50":{"start":{"line":99,"column":19},"end":{"line":102,"column":8}},"51":{"start":{"line":104,"column":21},"end":{"line":104,"column":52}},"52":{"start":{"line":105,"column":27},"end":{"line":105,"column":49}},"53":{"start":{"line":107,"column":6},"end":{"line":107,"column":null}},"54":{"start":{"line":107,"column":28},"end":{"line":107,"column":73}},"55":{"start":{"line":108,"column":6},"end":{"line":108,"column":null}},"56":{"start":{"line":110,"column":6},"end":{"line":110,"column":null}},"57":{"start":{"line":112,"column":8},"end":{"line":116,"column":null}},"58":{"start":{"line":117,"column":6},"end":{"line":117,"column":null}},"59":{"start":{"line":117,"column":28},"end":{"line":117,"column":75}},"60":{"start":{"line":119,"column":6},"end":{"line":119,"column":null}},"61":{"start":{"line":123,"column":8},"end":{"line":126,"column":null}},"62":{"start":{"line":124,"column":4},"end":{"line":126,"column":null}},"63":{"start":{"line":125,"column":6},"end":{"line":125,"column":null}},"64":{"start":{"line":126,"column":6},"end":{"line":126,"column":null}},"65":{"start":{"line":130,"column":8},"end":{"line":132,"column":null}},"66":{"start":{"line":131,"column":4},"end":{"line":131,"column":null}},"67":{"start":{"line":132,"column":4},"end":{"line":132,"column":null}},"68":{"start":{"line":135,"column":2},"end":{"line":266,"column":null}},"69":{"start":{"line":157,"column":29},"end":{"line":157,"column":45}},"70":{"start":{"line":168,"column":14},"end":{"line":185,"column":null}},"71":{"start":{"line":206,"column":18},"end":{"line":212,"column":null}},"72":{"start":{"line":208,"column":35},"end":{"line":208,"column":49}},"73":{"start":{"line":227,"column":33},"end":{"line":227,"column":57}},"74":{"start":{"line":234,"column":31},"end":{"line":234,"column":49}},"75":{"start":{"line":249,"column":32},"end":{"line":249,"column":48}}},"fnMap":{"0":{"name":"(anonymous_0)","decl":{"start":{"line":19,"column":6},"end":{"line":19,"column":null}},"loc":{"start":{"line":20,"column":2},"end":{"line":23,"column":null}},"line":20},"1":{"name":"(anonymous_1)","decl":{"start":{"line":27,"column":6},"end":{"line":27,"column":30}},"loc":{"start":{"line":27,"column":30},"end":{"line":266,"column":null}},"line":27},"2":{"name":"(anonymous_2)","decl":{"start":{"line":42,"column":2},"end":{"line":42,"column":18}},"loc":{"start":{"line":42,"column":18},"end":{"line":49,"column":7}},"line":42},"3":{"name":"(anonymous_3)","decl":{"start":{"line":43,"column":10},"end":{"line":43,"column":26}},"loc":{"start":{"line":43,"column":26},"end":{"line":45,"column":null}},"line":43},"4":{"name":"(anonymous_4)","decl":{"start":{"line":48,"column":4},"end":{"line":48,"column":17}},"loc":{"start":{"line":48,"column":17},"end":{"line":48,"column":68}},"line":48},"5":{"name":"(anonymous_5)","decl":{"start":{"line":51,"column":2},"end":{"line":51,"column":18}},"loc":{"start":{"line":51,"column":18},"end":{"line":55,"column":6}},"line":51},"6":{"name":"(anonymous_6)","decl":{"start":{"line":57,"column":2},"end":{"line":57,"column":18}},"loc":{"start":{"line":57,"column":18},"end":{"line":61,"column":6}},"line":57},"7":{"name":"(anonymous_7)","decl":{"start":{"line":59,"column":6},"end":{"line":59,"column":23}},"loc":{"start":{"line":59,"column":23},"end":{"line":59,"column":48}},"line":59},"8":{"name":"(anonymous_8)","decl":{"start":{"line":63,"column":8},"end":{"line":63,"column":22}},"loc":{"start":{"line":63,"column":31},"end":{"line":68,"column":null}},"line":63},"9":{"name":"(anonymous_9)","decl":{"start":{"line":71,"column":22},"end":{"line":71,"column":29}},"loc":{"start":{"line":71,"column":42},"end":{"line":119,"column":null}},"line":71},"10":{"name":"(anonymous_10)","decl":{"start":{"line":76,"column":4},"end":{"line":76,"column":17}},"loc":{"start":{"line":76,"column":26},"end":{"line":76,"column":68}},"line":76},"11":{"name":"(anonymous_11)","decl":{"start":{"line":93,"column":9},"end":{"line":93,"column":17}},"loc":{"start":{"line":93,"column":23},"end":{"line":93,"column":65}},"line":93},"12":{"name":"(anonymous_12)","decl":{"start":{"line":94,"column":9},"end":{"line":94,"column":14}},"loc":{"start":{"line":94,"column":21},"end":{"line":97,"column":11}},"line":94},"13":{"name":"(anonymous_13)","decl":{"start":{"line":107,"column":6},"end":{"line":107,"column":19}},"loc":{"start":{"line":107,"column":28},"end":{"line":107,"column":73}},"line":107},"14":{"name":"(anonymous_14)","decl":{"start":{"line":117,"column":6},"end":{"line":117,"column":19}},"loc":{"start":{"line":117,"column":28},"end":{"line":117,"column":75}},"line":117},"15":{"name":"(anonymous_15)","decl":{"start":{"line":123,"column":8},"end":{"line":123,"column":25}},"loc":{"start":{"line":123,"column":31},"end":{"line":126,"column":null}},"line":123},"16":{"name":"(anonymous_16)","decl":{"start":{"line":130,"column":8},"end":{"line":130,"column":27}},"loc":{"start":{"line":130,"column":27},"end":{"line":132,"column":null}},"line":130},"17":{"name":"(anonymous_17)","decl":{"start":{"line":157,"column":14},"end":{"line":157,"column":29}},"loc":{"start":{"line":157,"column":29},"end":{"line":157,"column":45}},"line":157},"18":{"name":"(anonymous_18)","decl":{"start":{"line":167,"column":22},"end":{"line":167,"column":27}},"loc":{"start":{"line":168,"column":14},"end":{"line":185,"column":null}},"line":168},"19":{"name":"(anonymous_19)","decl":{"start":{"line":205,"column":29},"end":{"line":205,"column":34}},"loc":{"start":{"line":206,"column":18},"end":{"line":212,"column":null}},"line":206},"20":{"name":"(anonymous_20)","decl":{"start":{"line":208,"column":20},"end":{"line":208,"column":35}},"loc":{"start":{"line":208,"column":35},"end":{"line":208,"column":49}},"line":208},"21":{"name":"(anonymous_21)","decl":{"start":{"line":227,"column":16},"end":{"line":227,"column":27}},"loc":{"start":{"line":227,"column":33},"end":{"line":227,"column":57}},"line":227},"22":{"name":"(anonymous_22)","decl":{"start":{"line":234,"column":16},"end":{"line":234,"column":31}},"loc":{"start":{"line":234,"column":31},"end":{"line":234,"column":49}},"line":234},"23":{"name":"(anonymous_23)","decl":{"start":{"line":249,"column":17},"end":{"line":249,"column":32}},"loc":{"start":{"line":249,"column":32},"end":{"line":249,"column":48}},"line":249}},"branchMap":{"0":{"loc":{"start":{"line":17,"column":14},"end":{"line":17,"column":null}},"type":"cond-expr","locations":[{"start":{"line":17,"column":31},"end":{"line":17,"column":69}},{"start":{"line":17,"column":72},"end":{"line":17,"column":null}}],"line":17},"1":{"loc":{"start":{"line":52,"column":4},"end":{"line":53,"column":null}},"type":"if","locations":[{"start":{"line":52,"column":4},"end":{"line":53,"column":null}},{"start":{},"end":{}}],"line":52},"2":{"loc":{"start":{"line":58,"column":4},"end":{"line":59,"column":null}},"type":"if","locations":[{"start":{"line":58,"column":4},"end":{"line":59,"column":null}},{"start":{},"end":{}}],"line":58},"3":{"loc":{"start":{"line":58,"column":8},"end":{"line":58,"column":36}},"type":"binary-expr","locations":[{"start":{"line":58,"column":8},"end":{"line":58,"column":18}},{"start":{"line":58,"column":18},"end":{"line":58,"column":36}}],"line":58},"4":{"loc":{"start":{"line":73,"column":4},"end":{"line":73,"column":null}},"type":"if","locations":[{"start":{"line":73,"column":4},"end":{"line":73,"column":null}},{"start":{},"end":{}}],"line":73},"5":{"loc":{"start":{"line":73,"column":8},"end":{"line":73,"column":31}},"type":"binary-expr","locations":[{"start":{"line":73,"column":8},"end":{"line":73,"column":20}},{"start":{"line":73,"column":20},"end":{"line":73,"column":31}}],"line":73},"6":{"loc":{"start":{"line":83,"column":37},"end":{"line":83,"column":153}},"type":"cond-expr","locations":[{"start":{"line":83,"column":75},"end":{"line":83,"column":133}},{"start":{"line":83,"column":136},"end":{"line":83,"column":153}}],"line":83},"7":{"loc":{"start":{"line":84,"column":6},"end":{"line":84,"column":null}},"type":"if","locations":[{"start":{"line":84,"column":6},"end":{"line":84,"column":null}},{"start":{},"end":{}}],"line":84},"8":{"loc":{"start":{"line":93,"column":23},"end":{"line":93,"column":65}},"type":"binary-expr","locations":[{"start":{"line":93,"column":23},"end":{"line":93,"column":42}},{"start":{"line":93,"column":42},"end":{"line":93,"column":65}}],"line":93},"9":{"loc":{"start":{"line":95,"column":16},"end":{"line":95,"column":null}},"type":"cond-expr","locations":[{"start":{"line":95,"column":34},"end":{"line":95,"column":44}},{"start":{"line":95,"column":44},"end":{"line":95,"column":null}}],"line":95},"10":{"loc":{"start":{"line":112,"column":8},"end":{"line":116,"column":null}},"type":"cond-expr","locations":[{"start":{"line":113,"column":12},"end":{"line":113,"column":null}},{"start":{"line":114,"column":12},"end":{"line":116,"column":null}}],"line":112},"11":{"loc":{"start":{"line":114,"column":12},"end":{"line":116,"column":null}},"type":"cond-expr","locations":[{"start":{"line":115,"column":12},"end":{"line":115,"column":null}},{"start":{"line":116,"column":12},"end":{"line":116,"column":null}}],"line":114},"12":{"loc":{"start":{"line":114,"column":12},"end":{"line":114,"column":73}},"type":"binary-expr","locations":[{"start":{"line":114,"column":12},"end":{"line":114,"column":40}},{"start":{"line":114,"column":44},"end":{"line":114,"column":73}}],"line":114},"13":{"loc":{"start":{"line":124,"column":4},"end":{"line":126,"column":null}},"type":"if","locations":[{"start":{"line":124,"column":4},"end":{"line":126,"column":null}},{"start":{},"end":{}}],"line":124},"14":{"loc":{"start":{"line":124,"column":8},"end":{"line":124,"column":42}},"type":"binary-expr","locations":[{"start":{"line":124,"column":8},"end":{"line":124,"column":29}},{"start":{"line":124,"column":29},"end":{"line":124,"column":42}}],"line":124},"15":{"loc":{"start":{"line":139,"column":7},"end":{"line":242,"column":null}},"type":"binary-expr","locations":[{"start":{"line":139,"column":7},"end":{"line":139,"column":null}},{"start":{"line":140,"column":8},"end":{"line":242,"column":null}}],"line":139},"16":{"loc":{"start":{"line":170,"column":53},"end":{"line":170,"column":null}},"type":"cond-expr","locations":[{"start":{"line":170,"column":75},"end":{"line":170,"column":105}},{"start":{"line":170,"column":105},"end":{"line":170,"column":null}}],"line":170},"17":{"loc":{"start":{"line":172,"column":17},"end":{"line":177,"column":17}},"type":"binary-expr","locations":[{"start":{"line":172,"column":17},"end":{"line":172,"column":null}},{"start":{"line":173,"column":18},"end":{"line":177,"column":17}}],"line":172},"18":{"loc":{"start":{"line":179,"column":20},"end":{"line":181,"column":null}},"type":"cond-expr","locations":[{"start":{"line":180,"column":24},"end":{"line":180,"column":null}},{"start":{"line":181,"column":24},"end":{"line":181,"column":null}}],"line":179},"19":{"loc":{"start":{"line":188,"column":13},"end":{"line":195,"column":null}},"type":"binary-expr","locations":[{"start":{"line":188,"column":13},"end":{"line":188,"column":null}},{"start":{"line":189,"column":14},"end":{"line":195,"column":null}}],"line":188},"20":{"loc":{"start":{"line":200,"column":13},"end":{"line":213,"column":null}},"type":"binary-expr","locations":[{"start":{"line":200,"column":13},"end":{"line":200,"column":32}},{"start":{"line":200,"column":32},"end":{"line":200,"column":null}},{"start":{"line":201,"column":14},"end":{"line":213,"column":null}}],"line":200},"21":{"loc":{"start":{"line":235,"column":26},"end":{"line":235,"column":52}},"type":"binary-expr","locations":[{"start":{"line":235,"column":26},"end":{"line":235,"column":39}},{"start":{"line":235,"column":39},"end":{"line":235,"column":52}}],"line":235},"22":{"loc":{"start":{"line":249,"column":17},"end":{"line":249,"column":null}},"type":"cond-expr","locations":[{"start":{"line":249,"column":17},"end":{"line":249,"column":48}},{"start":{"line":249,"column":51},"end":{"line":249,"column":null}}],"line":249},"23":{"loc":{"start":{"line":251,"column":10},"end":{"line":251,"column":null}},"type":"cond-expr","locations":[{"start":{"line":251,"column":19},"end":{"line":251,"column":55}},{"start":{"line":251,"column":55},"end":{"line":251,"column":null}}],"line":251},"24":{"loc":{"start":{"line":255,"column":9},"end":{"line":256,"column":10}},"type":"cond-expr","locations":[{"start":{"line":255,"column":18},"end":{"line":255,"column":37}},{"start":{"line":255,"column":36},"end":{"line":256,"column":10}}],"line":255},"25":{"loc":{"start":{"line":256,"column":9},"end":{"line":257,"column":null}},"type":"binary-expr","locations":[{"start":{"line":256,"column":9},"end":{"line":256,"column":null}},{"start":{"line":257,"column":10},"end":{"line":257,"column":null}}],"line":256}},"s":{"0":2,"1":2,"2":2,"3":2,"4":2,"5":1,"6":2,"7":36,"8":36,"9":36,"10":36,"11":36,"12":36,"13":36,"14":36,"15":18,"16":0,"17":0,"18":18,"19":18,"20":18,"21":36,"22":20,"23":2,"24":36,"25":28,"26":8,"27":8,"28":36,"29":16,"30":16,"31":16,"32":36,"33":1,"34":1,"35":0,"36":1,"37":1,"38":1,"39":1,"40":1,"41":1,"42":1,"43":1,"44":1,"45":0,"46":1,"47":1,"48":1,"49":0,"50":1,"51":1,"52":1,"53":1,"54":1,"55":1,"56":0,"57":0,"58":0,"59":0,"60":1,"61":36,"62":1,"63":1,"64":1,"65":36,"66":8,"67":8,"68":36,"69":0,"70":16,"71":44,"72":0,"73":3,"74":0,"75":2},"f":{"0":1,"1":36,"2":18,"3":0,"4":18,"5":20,"6":28,"7":8,"8":16,"9":1,"10":1,"11":1,"12":0,"13":1,"14":0,"15":1,"16":8,"17":0,"18":16,"19":44,"20":0,"21":3,"22":0,"23":2},"b":{"0":[2,0],"1":[2,18],"2":[8,20],"3":[28,8],"4":[0,1],"5":[1,1],"6":[1,0],"7":[0,1],"8":[1,1],"9":[0,0],"10":[0,0],"11":[0,0],"12":[0,0],"13":[1,0],"14":[1,1],"15":[36,13],"16":[2,14],"17":[16,14],"18":[2,14],"19":[13,1],"20":[13,11,11],"21":[13,12],"22":[2,23],"23":[13,23],"24":[13,23],"25":[36,23]},"meta":{"lastBranch":26,"lastFunction":24,"lastStatement":76,"seen":{"s:6:23:6:Infinity":0,"s:8:21:8:Infinity":1,"s:10:20:15:Infinity":2,"s:17:14:17:Infinity":3,"b:17:31:17:69:17:72:17:Infinity":0,"s:19:6:23:Infinity":4,"f:19:6:19:Infinity":0,"s:20:2:23:Infinity":5,"s:27:6:266:Infinity":6,"f:27:6:27:30":1,"s:28:17:28:45":7,"s:29:19:34:4":8,"s:35:16:35:40":9,"s:36:20:36:51":10,"s:37:26:37:62":11,"s:38:8:38:37":12,"s:39:8:39:31":13,"s:42:2:49:Infinity":14,"f:42:2:42:18":2,"s:43:10:45:Infinity":15,"f:43:10:43:26":3,"s:44:6:44:Infinity":16,"s:45:6:45:Infinity":17,"s:47:4:47:Infinity":18,"s:48:4:48:Infinity":19,"f:48:4:48:17":4,"s:48:17:48:68":20,"s:51:2:55:Infinity":21,"f:51:2:51:18":5,"b:52:4:53:Infinity:undefined:undefined:undefined:undefined":1,"s:52:4:53:Infinity":22,"s:53:6:53:Infinity":23,"s:57:2:61:Infinity":24,"f:57:2:57:18":6,"b:58:4:59:Infinity:undefined:undefined:undefined:undefined":2,"s:58:4:59:Infinity":25,"b:58:8:58:18:58:18:58:36":3,"s:59:6:59:Infinity":26,"f:59:6:59:23":7,"s:59:23:59:48":27,"s:63:8:68:Infinity":28,"f:63:8:63:22":8,"s:65:20:65:73":29,"s:67:4:67:Infinity":30,"s:68:4:68:Infinity":31,"s:71:22:119:Infinity":32,"f:71:22:71:29":9,"s:72:20:72:35":33,"b:73:4:73:Infinity:undefined:undefined:undefined:undefined":4,"s:73:4:73:Infinity":34,"b:73:8:73:20:73:20:73:31":5,"s:73:31:73:Infinity":35,"s:75:4:75:Infinity":36,"s:76:4:76:Infinity":37,"f:76:4:76:17":10,"s:76:26:76:68":38,"s:77:4:77:Infinity":39,"s:78:4:78:Infinity":40,"s:80:4:80:Infinity":41,"s:82:4:119:Infinity":42,"s:83:6:83:Infinity":43,"b:83:75:83:133:83:136:83:153":6,"b:84:6:84:Infinity:undefined:undefined:undefined:undefined":7,"s:84:6:84:Infinity":44,"s:84:18:84:Infinity":45,"s:86:20:89:8":46,"s:92:22:97:11":47,"f:93:9:93:17":11,"s:93:23:93:65":48,"b:93:23:93:42:93:42:93:65":8,"f:94:9:94:14":12,"s:94:21:97:11":49,"b:95:34:95:44:95:44:95:Infinity":9,"s:99:19:102:8":50,"s:104:21:104:52":51,"s:105:27:105:49":52,"s:107:6:107:Infinity":53,"f:107:6:107:19":13,"s:107:28:107:73":54,"s:108:6:108:Infinity":55,"s:110:6:110:Infinity":56,"s:112:8:116:Infinity":57,"b:113:12:113:Infinity:114:12:116:Infinity":10,"b:115:12:115:Infinity:116:12:116:Infinity":11,"b:114:12:114:40:114:44:114:73":12,"s:117:6:117:Infinity":58,"f:117:6:117:19":14,"s:117:28:117:75":59,"s:119:6:119:Infinity":60,"s:123:8:126:Infinity":61,"f:123:8:123:25":15,"b:124:4:126:Infinity:undefined:undefined:undefined:undefined":13,"s:124:4:126:Infinity":62,"b:124:8:124:29:124:29:124:42":14,"s:125:6:125:Infinity":63,"s:126:6:126:Infinity":64,"s:130:8:132:Infinity":65,"f:130:8:130:27":16,"s:131:4:131:Infinity":66,"s:132:4:132:Infinity":67,"s:135:2:266:Infinity":68,"b:139:7:139:Infinity:140:8:242:Infinity":15,"f:157:14:157:29":17,"s:157:29:157:45":69,"f:167:22:167:27":18,"s:168:14:185:Infinity":70,"b:170:75:170:105:170:105:170:Infinity":16,"b:172:17:172:Infinity:173:18:177:17":17,"b:180:24:180:Infinity:181:24:181:Infinity":18,"b:188:13:188:Infinity:189:14:195:Infinity":19,"b:200:13:200:32:200:32:200:Infinity:201:14:213:Infinity":20,"f:205:29:205:34":19,"s:206:18:212:Infinity":71,"f:208:20:208:35":20,"s:208:35:208:49":72,"f:227:16:227:27":21,"s:227:33:227:57":73,"f:234:16:234:31":22,"s:234:31:234:49":74,"b:235:26:235:39:235:39:235:52":21,"b:249:17:249:48:249:51:249:Infinity":22,"f:249:17:249:32":23,"s:249:32:249:48":75,"b:251:19:251:55:251:55:251:Infinity":23,"b:255:18:255:37:255:36:256:10":24,"b:256:9:256:Infinity:257:10:257:Infinity":25}}}
,"C:\\Users\\dell\\ElectIQ\\src\\components\\Hero.jsx": {"path":"C:\\Users\\dell\\ElectIQ\\src\\components\\Hero.jsx","statementMap":{"0":{"start":{"line":3,"column":6},"end":{"line":55,"column":null}},"1":{"start":{"line":4,"column":2},"end":{"line":55,"column":null}},"2":{"start":{"line":30,"column":25},"end":{"line":30,"column":99}},"3":{"start":{"line":36,"column":25},"end":{"line":36,"column":95}},"4":{"start":{"line":50,"column":10},"end":{"line":53,"column":null}}},"fnMap":{"0":{"name":"(anonymous_0)","decl":{"start":{"line":3,"column":6},"end":{"line":3,"column":19}},"loc":{"start":{"line":3,"column":19},"end":{"line":55,"column":null}},"line":3},"1":{"name":"(anonymous_1)","decl":{"start":{"line":30,"column":10},"end":{"line":30,"column":25}},"loc":{"start":{"line":30,"column":25},"end":{"line":30,"column":99}},"line":30},"2":{"name":"(anonymous_2)","decl":{"start":{"line":36,"column":10},"end":{"line":36,"column":25}},"loc":{"start":{"line":36,"column":25},"end":{"line":36,"column":95}},"line":36},"3":{"name":"(anonymous_3)","decl":{"start":{"line":49,"column":10},"end":{"line":49,"column":15}},"loc":{"start":{"line":50,"column":10},"end":{"line":53,"column":null}},"line":50}},"branchMap":{},"s":{"0":1,"1":6,"2":1,"3":1,"4":18},"f":{"0":6,"1":1,"2":1,"3":18},"b":{},"meta":{"lastBranch":0,"lastFunction":4,"lastStatement":5,"seen":{"s:3:6:55:Infinity":0,"f:3:6:3:19":0,"s:4:2:55:Infinity":1,"f:30:10:30:25":1,"s:30:25:30:99":2,"f:36:10:36:25":2,"s:36:25:36:95":3,"f:49:10:49:15":3,"s:50:10:53:Infinity":4}}}
,"C:\\Users\\dell\\ElectIQ\\src\\components\\Navbar.jsx": {"path":"C:\\Users\\dell\\ElectIQ\\src\\components\\Navbar.jsx","statementMap":{"0":{"start":{"line":5,"column":14},"end":{"line":11,"column":null}},"1":{"start":{"line":14,"column":15},"end":{"line":14,"column":41}},"2":{"start":{"line":16,"column":2},"end":{"line":74,"column":null}},"3":{"start":{"line":23,"column":33},"end":{"line":23,"column":52}},"4":{"start":{"line":23,"column":52},"end":{"line":23,"column":null}},"5":{"start":{"line":33,"column":12},"end":{"line":40,"column":null}},"6":{"start":{"line":33,"column":53},"end":{"line":33,"column":69}},"7":{"start":{"line":43,"column":29},"end":{"line":43,"column":null}},"8":{"start":{"line":52,"column":25},"end":{"line":52,"column":39}},"9":{"start":{"line":61,"column":12},"end":{"line":67,"column":null}},"10":{"start":{"line":62,"column":31},"end":{"line":62,"column":49}},"11":{"start":{"line":62,"column":49},"end":{"line":62,"column":null}},"12":{"start":{"line":70,"column":29},"end":{"line":70,"column":84}},"13":{"start":{"line":70,"column":84},"end":{"line":70,"column":null}}},"fnMap":{"0":{"name":"Navbar","decl":{"start":{"line":13,"column":24},"end":{"line":13,"column":31}},"loc":{"start":{"line":13,"column":48},"end":{"line":74,"column":null}},"line":13},"1":{"name":"(anonymous_1)","decl":{"start":{"line":23,"column":16},"end":{"line":23,"column":31}},"loc":{"start":{"line":23,"column":31},"end":{"line":23,"column":null}},"line":23},"2":{"name":"(anonymous_2)","decl":{"start":{"line":32,"column":26},"end":{"line":32,"column":30}},"loc":{"start":{"line":33,"column":12},"end":{"line":40,"column":null}},"line":33},"3":{"name":"(anonymous_3)","decl":{"start":{"line":33,"column":38},"end":{"line":33,"column":53}},"loc":{"start":{"line":33,"column":53},"end":{"line":33,"column":69}},"line":33},"4":{"name":"(anonymous_4)","decl":{"start":{"line":43,"column":12},"end":{"line":43,"column":27}},"loc":{"start":{"line":43,"column":27},"end":{"line":43,"column":null}},"line":43},"5":{"name":"(anonymous_5)","decl":{"start":{"line":52,"column":10},"end":{"line":52,"column":25}},"loc":{"start":{"line":52,"column":25},"end":{"line":52,"column":39}},"line":52},"6":{"name":"(anonymous_6)","decl":{"start":{"line":60,"column":17},"end":{"line":60,"column":21}},"loc":{"start":{"line":61,"column":12},"end":{"line":67,"column":null}},"line":61},"7":{"name":"(anonymous_7)","decl":{"start":{"line":62,"column":14},"end":{"line":62,"column":29}},"loc":{"start":{"line":62,"column":29},"end":{"line":62,"column":null}},"line":62},"8":{"name":"(anonymous_8)","decl":{"start":{"line":70,"column":12},"end":{"line":70,"column":27}},"loc":{"start":{"line":70,"column":27},"end":{"line":70,"column":null}},"line":70}},"branchMap":{"0":{"loc":{"start":{"line":35,"column":16},"end":{"line":37,"column":null}},"type":"cond-expr","locations":[{"start":{"line":36,"column":20},"end":{"line":36,"column":null}},{"start":{"line":37,"column":20},"end":{"line":37,"column":null}}],"line":35},"1":{"loc":{"start":{"line":53,"column":11},"end":{"line":53,"column":null}},"type":"cond-expr","locations":[{"start":{"line":53,"column":18},"end":{"line":53,"column":37}},{"start":{"line":53,"column":36},"end":{"line":53,"column":null}}],"line":53},"2":{"loc":{"start":{"line":58,"column":7},"end":{"line":74,"column":null}},"type":"binary-expr","locations":[{"start":{"line":58,"column":7},"end":{"line":58,"column":null}},{"start":{"line":59,"column":8},"end":{"line":74,"column":null}}],"line":58},"3":{"loc":{"start":{"line":64,"column":16},"end":{"line":64,"column":null}},"type":"cond-expr","locations":[{"start":{"line":64,"column":41},"end":{"line":64,"column":75}},{"start":{"line":64,"column":75},"end":{"line":64,"column":null}}],"line":64}},"s":{"0":2,"1":20,"2":20,"3":1,"4":1,"5":80,"6":3,"7":0,"8":1,"9":5,"10":0,"11":0,"12":0,"13":0},"f":{"0":20,"1":1,"2":80,"3":3,"4":0,"5":1,"6":5,"7":0,"8":0},"b":{"0":[3,77],"1":[1,19],"2":[20,1],"3":[0,5]},"meta":{"lastBranch":4,"lastFunction":9,"lastStatement":14,"seen":{"s:5:14:11:Infinity":0,"f:13:24:13:31":0,"s:14:15:14:41":1,"s:16:2:74:Infinity":2,"f:23:16:23:31":1,"s:23:33:23:52":3,"s:23:52:23:Infinity":4,"f:32:26:32:30":2,"s:33:12:40:Infinity":5,"f:33:38:33:53":3,"s:33:53:33:69":6,"b:36:20:36:Infinity:37:20:37:Infinity":0,"f:43:12:43:27":4,"s:43:29:43:Infinity":7,"f:52:10:52:25":5,"s:52:25:52:39":8,"b:53:18:53:37:53:36:53:Infinity":1,"b:58:7:58:Infinity:59:8:74:Infinity":2,"f:60:17:60:21":6,"s:61:12:67:Infinity":9,"f:62:14:62:29":7,"s:62:31:62:49":10,"s:62:49:62:Infinity":11,"b:64:41:64:75:64:75:64:Infinity":3,"f:70:12:70:27":8,"s:70:29:70:84":12,"s:70:84:70:Infinity":13}}}
,"C:\\Users\\dell\\ElectIQ\\src\\components\\Timeline.jsx": {"path":"C:\\Users\\dell\\ElectIQ\\src\\components\\Timeline.jsx","statementMap":{"0":{"start":{"line":5,"column":15},"end":{"line":146,"column":null}},"1":{"start":{"line":148,"column":17},"end":{"line":156,"column":null}},"2":{"start":{"line":158,"column":6},"end":{"line":293,"column":null}},"3":{"start":{"line":159,"column":22},"end":{"line":159,"column":51}},"4":{"start":{"line":161,"column":8},"end":{"line":163,"column":null}},"5":{"start":{"line":162,"column":4},"end":{"line":162,"column":null}},"6":{"start":{"line":163,"column":4},"end":{"line":163,"column":null}},"7":{"start":{"line":166,"column":21},"end":{"line":166,"column":61}},"8":{"start":{"line":166,"column":40},"end":{"line":166,"column":61}},"9":{"start":{"line":167,"column":12},"end":{"line":167,"column":null}},"10":{"start":{"line":169,"column":2},"end":{"line":293,"column":null}},"11":{"start":{"line":186,"column":31},"end":{"line":186,"column":null}},"12":{"start":{"line":187,"column":29},"end":{"line":187,"column":null}},"13":{"start":{"line":188,"column":14},"end":{"line":211,"column":null}},"14":{"start":{"line":191,"column":33},"end":{"line":191,"column":59}},"15":{"start":{"line":241,"column":16},"end":{"line":244,"column":null}},"16":{"start":{"line":270,"column":29},"end":{"line":270,"column":75}},"17":{"start":{"line":282,"column":29},"end":{"line":282,"column":87}}},"fnMap":{"0":{"name":"(anonymous_0)","decl":{"start":{"line":158,"column":6},"end":{"line":158,"column":18}},"loc":{"start":{"line":158,"column":38},"end":{"line":293,"column":null}},"line":158},"1":{"name":"(anonymous_1)","decl":{"start":{"line":161,"column":8},"end":{"line":161,"column":28}},"loc":{"start":{"line":161,"column":40},"end":{"line":163,"column":null}},"line":161},"2":{"name":"(anonymous_2)","decl":{"start":{"line":166,"column":28},"end":{"line":166,"column":34}},"loc":{"start":{"line":166,"column":40},"end":{"line":166,"column":61}},"line":166},"3":{"name":"(anonymous_3)","decl":{"start":{"line":185,"column":20},"end":{"line":185,"column":25}},"loc":{"start":{"line":185,"column":35},"end":{"line":211,"column":null}},"line":185},"4":{"name":"(anonymous_4)","decl":{"start":{"line":191,"column":18},"end":{"line":191,"column":33}},"loc":{"start":{"line":191,"column":33},"end":{"line":191,"column":59}},"line":191},"5":{"name":"(anonymous_5)","decl":{"start":{"line":240,"column":42},"end":{"line":240,"column":47}},"loc":{"start":{"line":241,"column":16},"end":{"line":244,"column":null}},"line":241},"6":{"name":"(anonymous_6)","decl":{"start":{"line":270,"column":14},"end":{"line":270,"column":29}},"loc":{"start":{"line":270,"column":29},"end":{"line":270,"column":75}},"line":270},"7":{"name":"(anonymous_7)","decl":{"start":{"line":282,"column":14},"end":{"line":282,"column":29}},"loc":{"start":{"line":282,"column":29},"end":{"line":282,"column":87}},"line":282}},"branchMap":{"0":{"loc":{"start":{"line":193,"column":20},"end":{"line":193,"column":null}},"type":"cond-expr","locations":[{"start":{"line":193,"column":31},"end":{"line":193,"column":83}},{"start":{"line":193,"column":83},"end":{"line":193,"column":null}}],"line":193},"1":{"loc":{"start":{"line":197,"column":21},"end":{"line":202,"column":null}},"type":"cond-expr","locations":[{"start":{"line":198,"column":22},"end":{"line":199,"column":null}},{"start":{"line":199,"column":24},"end":{"line":202,"column":null}}],"line":197},"2":{"loc":{"start":{"line":199,"column":24},"end":{"line":202,"column":null}},"type":"cond-expr","locations":[{"start":{"line":200,"column":22},"end":{"line":202,"column":23}},{"start":{"line":202,"column":22},"end":{"line":202,"column":null}}],"line":199},"3":{"loc":{"start":{"line":206,"column":68},"end":{"line":206,"column":null}},"type":"cond-expr","locations":[{"start":{"line":206,"column":79},"end":{"line":206,"column":99}},{"start":{"line":206,"column":99},"end":{"line":206,"column":null}}],"line":206},"4":{"loc":{"start":{"line":268,"column":16},"end":{"line":268,"column":null}},"type":"cond-expr","locations":[{"start":{"line":268,"column":34},"end":{"line":268,"column":98}},{"start":{"line":268,"column":98},"end":{"line":268,"column":null}}],"line":268},"5":{"loc":{"start":{"line":278,"column":16},"end":{"line":280,"column":null}},"type":"cond-expr","locations":[{"start":{"line":279,"column":20},"end":{"line":279,"column":null}},{"start":{"line":280,"column":20},"end":{"line":280,"column":null}}],"line":278}},"s":{"0":1,"1":1,"2":1,"3":7,"4":7,"5":2,"6":2,"7":7,"8":8,"9":7,"10":7,"11":49,"12":49,"13":49,"14":2,"15":42,"16":0,"17":0},"f":{"0":7,"1":2,"2":8,"3":49,"4":2,"5":42,"6":0,"7":0},"b":{"0":[7,42],"1":[7,42],"2":[1,41],"3":[7,42],"4":[1,6],"5":[7,0]},"meta":{"lastBranch":6,"lastFunction":8,"lastStatement":18,"seen":{"s:5:15:146:Infinity":0,"s:148:17:156:Infinity":1,"s:158:6:293:Infinity":2,"f:158:6:158:18":0,"s:159:22:159:51":3,"s:161:8:163:Infinity":4,"f:161:8:161:28":1,"s:162:4:162:Infinity":5,"s:163:4:163:Infinity":6,"s:166:21:166:61":7,"f:166:28:166:34":2,"s:166:40:166:61":8,"s:167:12:167:Infinity":9,"s:169:2:293:Infinity":10,"f:185:20:185:25":3,"s:186:31:186:Infinity":11,"s:187:29:187:Infinity":12,"s:188:14:211:Infinity":13,"f:191:18:191:33":4,"s:191:33:191:59":14,"b:193:31:193:83:193:83:193:Infinity":0,"b:198:22:199:Infinity:199:24:202:Infinity":1,"b:200:22:202:23:202:22:202:Infinity":2,"b:206:79:206:99:206:99:206:Infinity":3,"f:240:42:240:47":5,"s:241:16:244:Infinity":15,"b:268:34:268:98:268:98:268:Infinity":4,"f:270:14:270:29":6,"s:270:29:270:75":16,"b:279:20:279:Infinity:280:20:280:Infinity":5,"f:282:14:282:29":7,"s:282:29:282:87":17}}}
,"C:\\Users\\dell\\ElectIQ\\src\\pages\\Home.jsx": {"path":"C:\\Users\\dell\\ElectIQ\\src\\pages\\Home.jsx","statementMap":{"0":{"start":{"line":4,"column":6},"end":{"line":45,"column":null}},"1":{"start":{"line":5,"column":2},"end":{"line":45,"column":null}}},"fnMap":{"0":{"name":"(anonymous_0)","decl":{"start":{"line":4,"column":6},"end":{"line":4,"column":19}},"loc":{"start":{"line":4,"column":19},"end":{"line":45,"column":null}},"line":4}},"branchMap":{},"s":{"0":1,"1":3},"f":{"0":3},"b":{},"meta":{"lastBranch":0,"lastFunction":1,"lastStatement":2,"seen":{"s:4:6:45:Infinity":0,"f:4:6:4:19":0,"s:5:2:45:Infinity":1}}}
,"C:\\Users\\dell\\ElectIQ\\src\\screens\\AboutECIScreen.jsx": {"path":"C:\\Users\\dell\\ElectIQ\\src\\screens\\AboutECIScreen.jsx","statementMap":{"0":{"start":{"line":1,"column":14},"end":{"line":8,"column":null}},"1":{"start":{"line":10,"column":14},"end":{"line":26,"column":null}},"2":{"start":{"line":28,"column":17},"end":{"line":35,"column":null}},"3":{"start":{"line":38,"column":2},"end":{"line":120,"column":null}},"4":{"start":{"line":67,"column":12},"end":{"line":71,"column":null}},"5":{"start":{"line":81,"column":12},"end":{"line":85,"column":null}},"6":{"start":{"line":98,"column":12},"end":{"line":104,"column":null}}},"fnMap":{"0":{"name":"AboutECIScreen","decl":{"start":{"line":37,"column":24},"end":{"line":37,"column":41}},"loc":{"start":{"line":37,"column":41},"end":{"line":120,"column":null}},"line":37},"1":{"name":"(anonymous_1)","decl":{"start":{"line":66,"column":17},"end":{"line":66,"column":22}},"loc":{"start":{"line":67,"column":12},"end":{"line":71,"column":null}},"line":67},"2":{"name":"(anonymous_2)","decl":{"start":{"line":80,"column":17},"end":{"line":80,"column":22}},"loc":{"start":{"line":81,"column":12},"end":{"line":85,"column":null}},"line":81},"3":{"name":"(anonymous_3)","decl":{"start":{"line":97,"column":20},"end":{"line":97,"column":25}},"loc":{"start":{"line":98,"column":12},"end":{"line":104,"column":null}},"line":98}},"branchMap":{},"s":{"0":1,"1":1,"2":1,"3":1,"4":6,"5":3,"6":6},"f":{"0":1,"1":6,"2":3,"3":6},"b":{},"meta":{"lastBranch":0,"lastFunction":4,"lastStatement":7,"seen":{"s:1:14:8:Infinity":0,"s:10:14:26:Infinity":1,"s:28:17:35:Infinity":2,"f:37:24:37:41":0,"s:38:2:120:Infinity":3,"f:66:17:66:22":1,"s:67:12:71:Infinity":4,"f:80:17:80:22":2,"s:81:12:85:Infinity":5,"f:97:20:97:25":3,"s:98:12:104:Infinity":6}}}
,"C:\\Users\\dell\\ElectIQ\\src\\screens\\HomeScreen.jsx": {"path":"C:\\Users\\dell\\ElectIQ\\src\\screens\\HomeScreen.jsx","statementMap":{"0":{"start":{"line":4,"column":22},"end":{"line":25,"column":null}},"1":{"start":{"line":27,"column":14},"end":{"line":31,"column":null}},"2":{"start":{"line":34,"column":2},"end":{"line":167,"column":null}},"3":{"start":{"line":63,"column":35},"end":{"line":63,"column":56}},"4":{"start":{"line":68,"column":35},"end":{"line":68,"column":60}},"5":{"start":{"line":87,"column":25},"end":{"line":87,"column":null}},"6":{"start":{"line":88,"column":12},"end":{"line":93,"column":null}},"7":{"start":{"line":110,"column":25},"end":{"line":110,"column":null}},"8":{"start":{"line":111,"column":12},"end":{"line":125,"column":null}},"9":{"start":{"line":112,"column":45},"end":{"line":112,"column":61}},"10":{"start":{"line":146,"column":29},"end":{"line":146,"column":82}}},"fnMap":{"0":{"name":"HomeScreen","decl":{"start":{"line":33,"column":24},"end":{"line":33,"column":35}},"loc":{"start":{"line":33,"column":44},"end":{"line":167,"column":null}},"line":33},"1":{"name":"(anonymous_1)","decl":{"start":{"line":63,"column":20},"end":{"line":63,"column":35}},"loc":{"start":{"line":63,"column":35},"end":{"line":63,"column":56}},"line":63},"2":{"name":"(anonymous_2)","decl":{"start":{"line":68,"column":20},"end":{"line":68,"column":35}},"loc":{"start":{"line":68,"column":35},"end":{"line":68,"column":60}},"line":68},"3":{"name":"(anonymous_3)","decl":{"start":{"line":86,"column":17},"end":{"line":86,"column":22}},"loc":{"start":{"line":86,"column":31},"end":{"line":93,"column":null}},"line":86},"4":{"name":"(anonymous_4)","decl":{"start":{"line":109,"column":25},"end":{"line":109,"column":30}},"loc":{"start":{"line":109,"column":42},"end":{"line":125,"column":null}},"line":109},"5":{"name":"(anonymous_5)","decl":{"start":{"line":112,"column":30},"end":{"line":112,"column":45}},"loc":{"start":{"line":112,"column":45},"end":{"line":112,"column":61}},"line":112},"6":{"name":"(anonymous_6)","decl":{"start":{"line":146,"column":14},"end":{"line":146,"column":29}},"loc":{"start":{"line":146,"column":29},"end":{"line":146,"column":82}},"line":146}},"branchMap":{},"s":{"0":2,"1":2,"2":14,"3":1,"4":0,"5":42,"6":42,"7":56,"8":56,"9":0,"10":0},"f":{"0":14,"1":1,"2":0,"3":42,"4":56,"5":0,"6":0},"b":{},"meta":{"lastBranch":0,"lastFunction":7,"lastStatement":11,"seen":{"s:4:22:25:Infinity":0,"s:27:14:31:Infinity":1,"f:33:24:33:35":0,"s:34:2:167:Infinity":2,"f:63:20:63:35":1,"s:63:35:63:56":3,"f:68:20:68:35":2,"s:68:35:68:60":4,"f:86:17:86:22":3,"s:87:25:87:Infinity":5,"s:88:12:93:Infinity":6,"f:109:25:109:30":4,"s:110:25:110:Infinity":7,"s:111:12:125:Infinity":8,"f:112:30:112:45":5,"s:112:45:112:61":9,"f:146:14:146:29":6,"s:146:29:146:82":10}}}
,"C:\\Users\\dell\\ElectIQ\\src\\screens\\HowItWorksScreen.jsx": {"path":"C:\\Users\\dell\\ElectIQ\\src\\screens\\HowItWorksScreen.jsx","statementMap":{"0":{"start":{"line":1,"column":6},"end":{"line":10,"column":null}},"1":{"start":{"line":2,"column":2},"end":{"line":10,"column":null}},"2":{"start":{"line":14,"column":6},"end":{"line":22,"column":null}},"3":{"start":{"line":15,"column":2},"end":{"line":22,"column":null}},"4":{"start":{"line":28,"column":2},"end":{"line":118,"column":null}},"5":{"start":{"line":69,"column":14},"end":{"line":73,"column":null}}},"fnMap":{"0":{"name":"(anonymous_0)","decl":{"start":{"line":1,"column":6},"end":{"line":1,"column":17}},"loc":{"start":{"line":2,"column":2},"end":{"line":10,"column":null}},"line":2},"1":{"name":"(anonymous_1)","decl":{"start":{"line":14,"column":6},"end":{"line":14,"column":14}},"loc":{"start":{"line":15,"column":2},"end":{"line":22,"column":null}},"line":15},"2":{"name":"HowItWorksScreen","decl":{"start":{"line":27,"column":24},"end":{"line":27,"column":43}},"loc":{"start":{"line":27,"column":43},"end":{"line":118,"column":null}},"line":27},"3":{"name":"(anonymous_3)","decl":{"start":{"line":68,"column":14},"end":{"line":68,"column":19}},"loc":{"start":{"line":69,"column":14},"end":{"line":73,"column":null}},"line":69}},"branchMap":{"0":{"loc":{"start":{"line":18,"column":7},"end":{"line":18,"column":null}},"type":"binary-expr","locations":[{"start":{"line":18,"column":7},"end":{"line":18,"column":15}},{"start":{"line":18,"column":15},"end":{"line":18,"column":null}}],"line":18}},"s":{"0":2,"1":9,"2":2,"3":39,"4":3,"5":12},"f":{"0":9,"1":39,"2":3,"3":12},"b":{"0":[39,39]},"meta":{"lastBranch":1,"lastFunction":4,"lastStatement":6,"seen":{"s:1:6:10:Infinity":0,"f:1:6:1:17":0,"s:2:2:10:Infinity":1,"s:14:6:22:Infinity":2,"f:14:6:14:14":1,"s:15:2:22:Infinity":3,"b:18:7:18:15:18:15:18:Infinity":0,"f:27:24:27:43":2,"s:28:2:118:Infinity":4,"f:68:14:68:19":3,"s:69:14:73:Infinity":5}}}
,"C:\\Users\\dell\\ElectIQ\\src\\screens\\QuizScreen.jsx": {"path":"C:\\Users\\dell\\ElectIQ\\src\\screens\\QuizScreen.jsx","statementMap":{"0":{"start":{"line":4,"column":18},"end":{"line":46,"column":null}},"1":{"start":{"line":48,"column":14},"end":{"line":53,"column":null}},"2":{"start":{"line":56,"column":14},"end":{"line":56,"column":43}},"3":{"start":{"line":57,"column":17},"end":{"line":57,"column":46}},"4":{"start":{"line":58,"column":16},"end":{"line":58,"column":43}},"5":{"start":{"line":59,"column":15},"end":{"line":59,"column":47}},"6":{"start":{"line":61,"column":12},"end":{"line":61,"column":null}},"7":{"start":{"line":62,"column":15},"end":{"line":62,"column":46}},"8":{"start":{"line":62,"column":31},"end":{"line":62,"column":46}},"9":{"start":{"line":64,"column":8},"end":{"line":67,"column":null}},"10":{"start":{"line":65,"column":4},"end":{"line":65,"column":null}},"11":{"start":{"line":65,"column":25},"end":{"line":65,"column":null}},"12":{"start":{"line":66,"column":4},"end":{"line":66,"column":null}},"13":{"start":{"line":67,"column":4},"end":{"line":67,"column":null}},"14":{"start":{"line":67,"column":24},"end":{"line":67,"column":null}},"15":{"start":{"line":67,"column":38},"end":{"line":67,"column":44}},"16":{"start":{"line":70,"column":8},"end":{"line":72,"column":null}},"17":{"start":{"line":71,"column":4},"end":{"line":72,"column":null}},"18":{"start":{"line":71,"column":38},"end":{"line":71,"column":58}},"19":{"start":{"line":71,"column":50},"end":{"line":71,"column":56}},"20":{"start":{"line":71,"column":58},"end":{"line":71,"column":null}},"21":{"start":{"line":72,"column":9},"end":{"line":72,"column":null}},"22":{"start":{"line":75,"column":8},"end":{"line":75,"column":null}},"23":{"start":{"line":75,"column":24},"end":{"line":75,"column":35}},"24":{"start":{"line":75,"column":35},"end":{"line":75,"column":52}},"25":{"start":{"line":75,"column":52},"end":{"line":75,"column":65}},"26":{"start":{"line":75,"column":65},"end":{"line":75,"column":null}},"27":{"start":{"line":77,"column":2},"end":{"line":109,"column":null}},"28":{"start":{"line":77,"column":12},"end":{"line":109,"column":null}},"29":{"start":{"line":99,"column":10},"end":{"line":102,"column":null}},"30":{"start":{"line":114,"column":2},"end":{"line":182,"column":null}},"31":{"start":{"line":140,"column":31},"end":{"line":140,"column":null}},"32":{"start":{"line":141,"column":31},"end":{"line":141,"column":null}},"33":{"start":{"line":142,"column":31},"end":{"line":142,"column":null}},"34":{"start":{"line":143,"column":31},"end":{"line":143,"column":null}},"35":{"start":{"line":144,"column":31},"end":{"line":144,"column":null}},"36":{"start":{"line":146,"column":12},"end":{"line":159,"column":null}},"37":{"start":{"line":147,"column":45},"end":{"line":147,"column":52}}},"fnMap":{"0":{"name":"QuizScreen","decl":{"start":{"line":55,"column":24},"end":{"line":55,"column":37}},"loc":{"start":{"line":55,"column":37},"end":{"line":182,"column":null}},"line":55},"1":{"name":"(anonymous_1)","decl":{"start":{"line":62,"column":21},"end":{"line":62,"column":26}},"loc":{"start":{"line":62,"column":31},"end":{"line":62,"column":46}},"line":62},"2":{"name":"(anonymous_2)","decl":{"start":{"line":64,"column":8},"end":{"line":64,"column":16}},"loc":{"start":{"line":64,"column":22},"end":{"line":67,"column":null}},"line":64},"3":{"name":"(anonymous_3)","decl":{"start":{"line":67,"column":24},"end":{"line":67,"column":33}},"loc":{"start":{"line":67,"column":38},"end":{"line":67,"column":44}},"line":67},"4":{"name":"(anonymous_4)","decl":{"start":{"line":70,"column":8},"end":{"line":70,"column":21}},"loc":{"start":{"line":70,"column":21},"end":{"line":72,"column":null}},"line":70},"5":{"name":"(anonymous_5)","decl":{"start":{"line":71,"column":38},"end":{"line":71,"column":45}},"loc":{"start":{"line":71,"column":50},"end":{"line":71,"column":56}},"line":71},"6":{"name":"(anonymous_6)","decl":{"start":{"line":75,"column":8},"end":{"line":75,"column":22}},"loc":{"start":{"line":75,"column":22},"end":{"line":75,"column":null}},"line":75},"7":{"name":"(anonymous_7)","decl":{"start":{"line":98,"column":19},"end":{"line":98,"column":24}},"loc":{"start":{"line":99,"column":10},"end":{"line":102,"column":null}},"line":99},"8":{"name":"(anonymous_8)","decl":{"start":{"line":139,"column":21},"end":{"line":139,"column":26}},"loc":{"start":{"line":139,"column":37},"end":{"line":159,"column":null}},"line":139},"9":{"name":"(anonymous_9)","decl":{"start":{"line":147,"column":30},"end":{"line":147,"column":45}},"loc":{"start":{"line":147,"column":45},"end":{"line":147,"column":52}},"line":147}},"branchMap":{"0":{"loc":{"start":{"line":65,"column":4},"end":{"line":65,"column":null}},"type":"if","locations":[{"start":{"line":65,"column":4},"end":{"line":65,"column":null}},{"start":{},"end":{}}],"line":65},"1":{"loc":{"start":{"line":67,"column":4},"end":{"line":67,"column":null}},"type":"if","locations":[{"start":{"line":67,"column":4},"end":{"line":67,"column":null}},{"start":{},"end":{}}],"line":67},"2":{"loc":{"start":{"line":71,"column":4},"end":{"line":72,"column":null}},"type":"if","locations":[{"start":{"line":71,"column":4},"end":{"line":72,"column":null}},{"start":{"line":72,"column":9},"end":{"line":72,"column":null}}],"line":71},"3":{"loc":{"start":{"line":77,"column":2},"end":{"line":109,"column":null}},"type":"if","locations":[{"start":{"line":77,"column":2},"end":{"line":109,"column":null}},{"start":{},"end":{}}],"line":77},"4":{"loc":{"start":{"line":142,"column":31},"end":{"line":142,"column":null}},"type":"binary-expr","locations":[{"start":{"line":142,"column":31},"end":{"line":142,"column":43}},{"start":{"line":142,"column":43},"end":{"line":142,"column":null}}],"line":142},"5":{"loc":{"start":{"line":143,"column":31},"end":{"line":143,"column":null}},"type":"binary-expr","locations":[{"start":{"line":143,"column":31},"end":{"line":143,"column":50}},{"start":{"line":143,"column":50},"end":{"line":143,"column":null}}],"line":143},"6":{"loc":{"start":{"line":150,"column":31},"end":{"line":150,"column":null}},"type":"cond-expr","locations":[{"start":{"line":150,"column":43},"end":{"line":150,"column":55}},{"start":{"line":150,"column":55},"end":{"line":150,"column":null}}],"line":150},"7":{"loc":{"start":{"line":150,"column":55},"end":{"line":150,"column":null}},"type":"cond-expr","locations":[{"start":{"line":150,"column":65},"end":{"line":150,"column":77}},{"start":{"line":150,"column":77},"end":{"line":150,"column":null}}],"line":150},"8":{"loc":{"start":{"line":150,"column":77},"end":{"line":150,"column":null}},"type":"cond-expr","locations":[{"start":{"line":150,"column":95},"end":{"line":150,"column":107}},{"start":{"line":150,"column":107},"end":{"line":150,"column":null}}],"line":150},"9":{"loc":{"start":{"line":151,"column":31},"end":{"line":151,"column":null}},"type":"cond-expr","locations":[{"start":{"line":151,"column":43},"end":{"line":151,"column":55}},{"start":{"line":151,"column":55},"end":{"line":151,"column":null}}],"line":151},"10":{"loc":{"start":{"line":151,"column":55},"end":{"line":151,"column":null}},"type":"cond-expr","locations":[{"start":{"line":151,"column":65},"end":{"line":151,"column":77}},{"start":{"line":151,"column":77},"end":{"line":151,"column":null}}],"line":151},"11":{"loc":{"start":{"line":151,"column":77},"end":{"line":151,"column":null}},"type":"cond-expr","locations":[{"start":{"line":151,"column":95},"end":{"line":151,"column":107}},{"start":{"line":151,"column":107},"end":{"line":151,"column":null}}],"line":151},"12":{"loc":{"start":{"line":152,"column":31},"end":{"line":152,"column":null}},"type":"cond-expr","locations":[{"start":{"line":152,"column":43},"end":{"line":152,"column":55}},{"start":{"line":152,"column":55},"end":{"line":152,"column":null}}],"line":152},"13":{"loc":{"start":{"line":152,"column":55},"end":{"line":152,"column":null}},"type":"cond-expr","locations":[{"start":{"line":152,"column":65},"end":{"line":152,"column":77}},{"start":{"line":152,"column":77},"end":{"line":152,"column":null}}],"line":152},"14":{"loc":{"start":{"line":153,"column":27},"end":{"line":153,"column":null}},"type":"cond-expr","locations":[{"start":{"line":153,"column":72},"end":{"line":153,"column":78}},{"start":{"line":153,"column":78},"end":{"line":153,"column":null}}],"line":153},"15":{"loc":{"start":{"line":153,"column":27},"end":{"line":153,"column":72}},"type":"binary-expr","locations":[{"start":{"line":153,"column":27},"end":{"line":153,"column":46}},{"start":{"line":153,"column":46},"end":{"line":153,"column":60}},{"start":{"line":153,"column":60},"end":{"line":153,"column":72}}],"line":153},"16":{"loc":{"start":{"line":154,"column":26},"end":{"line":154,"column":null}},"type":"cond-expr","locations":[{"start":{"line":154,"column":44},"end":{"line":154,"column":56}},{"start":{"line":154,"column":56},"end":{"line":154,"column":null}}],"line":154},"17":{"loc":{"start":{"line":157,"column":17},"end":{"line":157,"column":null}},"type":"binary-expr","locations":[{"start":{"line":157,"column":17},"end":{"line":157,"column":30}},{"start":{"line":157,"column":30},"end":{"line":157,"column":null}}],"line":157},"18":{"loc":{"start":{"line":158,"column":17},"end":{"line":158,"column":null}},"type":"binary-expr","locations":[{"start":{"line":158,"column":17},"end":{"line":158,"column":30}},{"start":{"line":158,"column":30},"end":{"line":158,"column":null}}],"line":158},"19":{"loc":{"start":{"line":165,"column":9},"end":{"line":169,"column":null}},"type":"binary-expr","locations":[{"start":{"line":165,"column":9},"end":{"line":165,"column":null}},{"start":{"line":166,"column":10},"end":{"line":169,"column":null}}],"line":165},"20":{"loc":{"start":{"line":175,"column":7},"end":{"line":182,"column":null}},"type":"binary-expr","locations":[{"start":{"line":175,"column":7},"end":{"line":175,"column":null}},{"start":{"line":176,"column":8},"end":{"line":182,"column":null}}],"line":175},"21":{"loc":{"start":{"line":180,"column":13},"end":{"line":180,"column":null}},"type":"cond-expr","locations":[{"start":{"line":180,"column":42},"end":{"line":180,"column":62}},{"start":{"line":180,"column":62},"end":{"line":180,"column":null}}],"line":180}},"s":{"0":2,"1":2,"2":16,"3":16,"4":16,"5":16,"6":16,"7":16,"8":64,"9":16,"10":5,"11":0,"12":5,"13":5,"14":0,"15":0,"16":16,"17":4,"18":4,"19":4,"20":4,"21":0,"22":16,"23":0,"24":0,"25":0,"26":0,"27":16,"28":0,"29":0,"30":16,"31":64,"32":64,"33":64,"34":64,"35":64,"36":64,"37":5},"f":{"0":16,"1":64,"2":5,"3":0,"4":4,"5":4,"6":0,"7":0,"8":64,"9":5},"b":{"0":[0,5],"1":[0,5],"2":[4,0],"3":[0,16],"4":[64,5],"5":[64,20],"6":[5,59],"7":[5,54],"8":[10,44],"9":[5,59],"10":[5,54],"11":[10,44],"12":[5,59],"13":[5,54],"14":[10,54],"15":[64,20,15],"16":[20,44],"17":[64,5],"18":[64,5],"19":[16,5],"20":[16,5],"21":[5,0]},"meta":{"lastBranch":22,"lastFunction":10,"lastStatement":38,"seen":{"s:4:18:46:Infinity":0,"s:48:14:53:Infinity":1,"f:55:24:55:37":0,"s:56:14:56:43":2,"s:57:17:57:46":3,"s:58:16:58:43":4,"s:59:15:59:47":5,"s:61:12:61:Infinity":6,"s:62:15:62:46":7,"f:62:21:62:26":1,"s:62:31:62:46":8,"s:64:8:67:Infinity":9,"f:64:8:64:16":2,"b:65:4:65:Infinity:undefined:undefined:undefined:undefined":0,"s:65:4:65:Infinity":10,"s:65:25:65:Infinity":11,"s:66:4:66:Infinity":12,"b:67:4:67:Infinity:undefined:undefined:undefined:undefined":1,"s:67:4:67:Infinity":13,"s:67:24:67:Infinity":14,"f:67:24:67:33":3,"s:67:38:67:44":15,"s:70:8:72:Infinity":16,"f:70:8:70:21":4,"b:71:4:72:Infinity:72:9:72:Infinity":2,"s:71:4:72:Infinity":17,"s:71:38:71:58":18,"f:71:38:71:45":5,"s:71:50:71:56":19,"s:71:58:71:Infinity":20,"s:72:9:72:Infinity":21,"s:75:8:75:Infinity":22,"f:75:8:75:22":6,"s:75:24:75:35":23,"s:75:35:75:52":24,"s:75:52:75:65":25,"s:75:65:75:Infinity":26,"b:77:2:109:Infinity:undefined:undefined:undefined:undefined":3,"s:77:2:109:Infinity":27,"s:77:12:109:Infinity":28,"f:98:19:98:24":7,"s:99:10:102:Infinity":29,"s:114:2:182:Infinity":30,"f:139:21:139:26":8,"s:140:31:140:Infinity":31,"s:141:31:141:Infinity":32,"s:142:31:142:Infinity":33,"b:142:31:142:43:142:43:142:Infinity":4,"s:143:31:143:Infinity":34,"b:143:31:143:50:143:50:143:Infinity":5,"s:144:31:144:Infinity":35,"s:146:12:159:Infinity":36,"f:147:30:147:45":9,"s:147:45:147:52":37,"b:150:43:150:55:150:55:150:Infinity":6,"b:150:65:150:77:150:77:150:Infinity":7,"b:150:95:150:107:150:107:150:Infinity":8,"b:151:43:151:55:151:55:151:Infinity":9,"b:151:65:151:77:151:77:151:Infinity":10,"b:151:95:151:107:151:107:151:Infinity":11,"b:152:43:152:55:152:55:152:Infinity":12,"b:152:65:152:77:152:77:152:Infinity":13,"b:153:72:153:78:153:78:153:Infinity":14,"b:153:27:153:46:153:46:153:60:153:60:153:72":15,"b:154:44:154:56:154:56:154:Infinity":16,"b:157:17:157:30:157:30:157:Infinity":17,"b:158:17:158:30:158:30:158:Infinity":18,"b:165:9:165:Infinity:166:10:169:Infinity":19,"b:175:7:175:Infinity:176:8:182:Infinity":20,"b:180:42:180:62:180:62:180:Infinity":21}}}
,"C:\\Users\\dell\\ElectIQ\\src\\screens\\TimelineScreen.jsx": {"path":"C:\\Users\\dell\\ElectIQ\\src\\screens\\TimelineScreen.jsx","statementMap":{"0":{"start":{"line":3,"column":14},"end":{"line":60,"column":null}},"1":{"start":{"line":63,"column":17},"end":{"line":63,"column":44}},"2":{"start":{"line":65,"column":2},"end":{"line":157,"column":null}},"3":{"start":{"line":90,"column":28},"end":{"line":90,"column":null}},"4":{"start":{"line":91,"column":27},"end":{"line":91,"column":null}},"5":{"start":{"line":93,"column":12},"end":{"line":147,"column":null}},"6":{"start":{"line":112,"column":35},"end":{"line":112,"column":70}}},"fnMap":{"0":{"name":"TimelineScreen","decl":{"start":{"line":62,"column":24},"end":{"line":62,"column":41}},"loc":{"start":{"line":62,"column":41},"end":{"line":157,"column":null}},"line":62},"1":{"name":"(anonymous_1)","decl":{"start":{"line":89,"column":17},"end":{"line":89,"column":22}},"loc":{"start":{"line":89,"column":34},"end":{"line":147,"column":null}},"line":89},"2":{"name":"(anonymous_2)","decl":{"start":{"line":112,"column":20},"end":{"line":112,"column":35}},"loc":{"start":{"line":112,"column":35},"end":{"line":112,"column":70}},"line":112}},"branchMap":{"0":{"loc":{"start":{"line":95,"column":71},"end":{"line":95,"column":null}},"type":"cond-expr","locations":[{"start":{"line":95,"column":81},"end":{"line":95,"column":97}},{"start":{"line":95,"column":97},"end":{"line":95,"column":null}}],"line":95},"1":{"loc":{"start":{"line":110,"column":55},"end":{"line":110,"column":null}},"type":"cond-expr","locations":[{"start":{"line":110,"column":65},"end":{"line":110,"column":78}},{"start":{"line":110,"column":78},"end":{"line":110,"column":null}}],"line":110},"2":{"loc":{"start":{"line":112,"column":45},"end":{"line":112,"column":70}},"type":"cond-expr","locations":[{"start":{"line":112,"column":54},"end":{"line":112,"column":61}},{"start":{"line":112,"column":61},"end":{"line":112,"column":70}}],"line":112},"3":{"loc":{"start":{"line":115,"column":34},"end":{"line":115,"column":null}},"type":"cond-expr","locations":[{"start":{"line":115,"column":43},"end":{"line":115,"column":53}},{"start":{"line":115,"column":53},"end":{"line":115,"column":null}}],"line":115},"4":{"loc":{"start":{"line":116,"column":35},"end":{"line":116,"column":null}},"type":"cond-expr","locations":[{"start":{"line":116,"column":44},"end":{"line":116,"column":57}},{"start":{"line":116,"column":57},"end":{"line":116,"column":null}}],"line":116},"5":{"loc":{"start":{"line":131,"column":69},"end":{"line":131,"column":95}},"type":"cond-expr","locations":[{"start":{"line":131,"column":78},"end":{"line":131,"column":84}},{"start":{"line":131,"column":84},"end":{"line":131,"column":95}}],"line":131},"6":{"loc":{"start":{"line":134,"column":21},"end":{"line":141,"column":null}},"type":"binary-expr","locations":[{"start":{"line":134,"column":21},"end":{"line":134,"column":null}},{"start":{"line":135,"column":22},"end":{"line":141,"column":null}}],"line":134},"7":{"loc":{"start":{"line":139,"column":93},"end":{"line":139,"column":143}},"type":"cond-expr","locations":[{"start":{"line":139,"column":120},"end":{"line":139,"column":132}},{"start":{"line":139,"column":132},"end":{"line":139,"column":143}}],"line":139}},"s":{"0":2,"1":10,"2":10,"3":80,"4":80,"5":80,"6":3},"f":{"0":10,"1":80,"2":3},"b":{"0":[40,40],"1":[40,40],"2":[0,3],"3":[3,77],"4":[3,77],"5":[3,77],"6":[80,3],"7":[0,3]},"meta":{"lastBranch":8,"lastFunction":3,"lastStatement":7,"seen":{"s:3:14:60:Infinity":0,"f:62:24:62:41":0,"s:63:17:63:44":1,"s:65:2:157:Infinity":2,"f:89:17:89:22":1,"s:90:28:90:Infinity":3,"s:91:27:91:Infinity":4,"s:93:12:147:Infinity":5,"b:95:81:95:97:95:97:95:Infinity":0,"b:110:65:110:78:110:78:110:Infinity":1,"f:112:20:112:35":2,"s:112:35:112:70":6,"b:112:54:112:61:112:61:112:70":2,"b:115:43:115:53:115:53:115:Infinity":3,"b:116:44:116:57:116:57:116:Infinity":4,"b:131:78:131:84:131:84:131:95":5,"b:134:21:134:Infinity:135:22:141:Infinity":6,"b:139:120:139:132:139:132:139:143":7}}}
}
